Building DAG of jobs...
Using shell: /bin/bash
Provided cores: 12
Rules claiming more threads will be scaled down.
Job counts:
	count	jobs
	1	cellranger_aggr
	1
Select jobs to execute...

[Sat May 29 17:07:47 2021]
rule cellranger_aggr:
    input: /project2/nobrega/zach/Embryoid-Body-10X-Pilot/data/aggregation-files.csv
    output: /project2/nobrega/zach/Embryoid-Body-10X-Pilot/data/combined_web_summary.html
    jobid: 0

cd data/ && cellranger aggr --id=combined --csv=/project2/nobrega/zach/Embryoid-Body-10X-Pilot/data/aggregation-files.csv && cp combined/outs/web_summary.html /project2/nobrega/zach/Embryoid-Body-10X-Pilot/data/combined_web_summary.html
Activating conda environment: /project2/nobrega/zach/Embryoid-Body-10X-Pilot/.snakemake/conda/b1b8d91cb93e50c09be9db890c451a09
Martian Runtime - v4.0.4
Serving UI at http://midway2-0028.rcc.local:34030?auth=_zsT1_VoLL5maYKzCVX0ysoyrzO7w1DSpIAvhrodP8A

Running preflight checks (please wait)...
2021-05-29 17:07:52 [runtime] (ready)           ID.combined.SC_RNA_AGGREGATOR_CS.PARSE_AGGR_CSV
2021-05-29 17:07:52 [runtime] (run:local)       ID.combined.SC_RNA_AGGREGATOR_CS.PARSE_AGGR_CSV.fork0.chnk0.main
2021-05-29 17:07:54 [runtime] (chunks_complete) ID.combined.SC_RNA_AGGREGATOR_CS.PARSE_AGGR_CSV
2021-05-29 17:07:54 [runtime] (ready)           ID.combined.SC_RNA_AGGREGATOR_CS.COUNT_AGGR.CHECK_MOLECULE_INFO_VERSION
2021-05-29 17:07:54 [runtime] (run:local)       ID.combined.SC_RNA_AGGREGATOR_CS.COUNT_AGGR.CHECK_MOLECULE_INFO_VERSION.fork0.split
2021-05-29 17:08:17 [runtime] (split_complete)  ID.combined.SC_RNA_AGGREGATOR_CS.COUNT_AGGR.CHECK_MOLECULE_INFO_VERSION
2021-05-29 17:08:17 [runtime] (run:local)       ID.combined.SC_RNA_AGGREGATOR_CS.COUNT_AGGR.CHECK_MOLECULE_INFO_VERSION.fork0.chnk0.main
2021-05-29 17:08:17 [runtime] (run:local)       ID.combined.SC_RNA_AGGREGATOR_CS.COUNT_AGGR.CHECK_MOLECULE_INFO_VERSION.fork0.chnk1.main
2021-05-29 17:08:18 [runtime] (chunks_complete) ID.combined.SC_RNA_AGGREGATOR_CS.COUNT_AGGR.CHECK_MOLECULE_INFO_VERSION
2021-05-29 17:08:18 [runtime] (run:local)       ID.combined.SC_RNA_AGGREGATOR_CS.COUNT_AGGR.CHECK_MOLECULE_INFO_VERSION.fork0.join
2021-05-29 17:08:19 [runtime] (join_complete)   ID.combined.SC_RNA_AGGREGATOR_CS.COUNT_AGGR.CHECK_MOLECULE_INFO_VERSION
2021-05-29 17:08:21 [runtime] (ready)           ID.combined.SC_RNA_AGGREGATOR_CS.COUNT_AGGR.SC_RNA_AGGREGATOR.SETUP_SAMPLES
2021-05-29 17:08:21 [runtime] (run:local)       ID.combined.SC_RNA_AGGREGATOR_CS.COUNT_AGGR.SC_RNA_AGGREGATOR.SETUP_SAMPLES.fork0.chnk0.main
2021-05-29 17:08:23 [runtime] (chunks_complete) ID.combined.SC_RNA_AGGREGATOR_CS.COUNT_AGGR.SC_RNA_AGGREGATOR.SETUP_SAMPLES
2021-05-29 17:08:23 [runtime] (ready)           ID.combined.SC_RNA_AGGREGATOR_CS.COUNT_AGGR.SC_RNA_AGGREGATOR.SC_RNA_ANALYZER.CHOOSE_DIMENSION_REDUCTION
2021-05-29 17:08:23 [runtime] (run:local)       ID.combined.SC_RNA_AGGREGATOR_CS.COUNT_AGGR.SC_RNA_AGGREGATOR.SC_RNA_ANALYZER.CHOOSE_DIMENSION_REDUCTION.fork0.chnk0.main
2021-05-29 17:08:23 [runtime] (ready)           ID.combined.SC_RNA_AGGREGATOR_CS.COUNT_AGGR.SC_RNA_AGGREGATOR.MERGE_MOLECULES
2021-05-29 17:08:23 [runtime] (run:local)       ID.combined.SC_RNA_AGGREGATOR_CS.COUNT_AGGR.SC_RNA_AGGREGATOR.MERGE_MOLECULES.fork0.split
2021-05-29 17:08:23 [runtime] (ready)           ID.combined.SC_RNA_AGGREGATOR_CS.VDJ_AGGR.MATCH_VDJ_AGGR_OUTS
2021-05-29 17:08:23 [runtime] (ready)           ID.combined.SC_RNA_AGGREGATOR_CS.VDJ_AGGR.COPY_VDJ_REFERENCE
2021-05-29 17:08:23 [runtime] (chunks_complete) ID.combined.SC_RNA_AGGREGATOR_CS.COUNT_AGGR.SC_RNA_AGGREGATOR.SC_RNA_ANALYZER.CHOOSE_DIMENSION_REDUCTION
2021-05-29 17:08:29 [runtime] (split_complete)  ID.combined.SC_RNA_AGGREGATOR_CS.COUNT_AGGR.SC_RNA_AGGREGATOR.MERGE_MOLECULES
2021-05-29 17:08:29 [runtime] (run:local)       ID.combined.SC_RNA_AGGREGATOR_CS.COUNT_AGGR.SC_RNA_AGGREGATOR.MERGE_MOLECULES.fork0.chnk0.main
2021-05-29 17:08:29 [runtime] (run:local)       ID.combined.SC_RNA_AGGREGATOR_CS.COUNT_AGGR.SC_RNA_AGGREGATOR.MERGE_MOLECULES.fork0.chnk1.main
2021-05-29 17:09:33 [runtime] (chunks_complete) ID.combined.SC_RNA_AGGREGATOR_CS.COUNT_AGGR.SC_RNA_AGGREGATOR.MERGE_MOLECULES
2021-05-29 17:09:33 [runtime] (run:local)       ID.combined.SC_RNA_AGGREGATOR_CS.COUNT_AGGR.SC_RNA_AGGREGATOR.MERGE_MOLECULES.fork0.join
2021-05-29 17:11:15 [runtime] (join_complete)   ID.combined.SC_RNA_AGGREGATOR_CS.COUNT_AGGR.SC_RNA_AGGREGATOR.MERGE_MOLECULES
2021-05-29 17:11:15 [runtime] (ready)           ID.combined.SC_RNA_AGGREGATOR_CS.COUNT_AGGR.SC_RNA_AGGREGATOR.NORMALIZE_DEPTH
2021-05-29 17:11:15 [runtime] (run:local)       ID.combined.SC_RNA_AGGREGATOR_CS.COUNT_AGGR.SC_RNA_AGGREGATOR.NORMALIZE_DEPTH.fork0.split
2021-05-29 17:11:25 [runtime] (split_complete)  ID.combined.SC_RNA_AGGREGATOR_CS.COUNT_AGGR.SC_RNA_AGGREGATOR.NORMALIZE_DEPTH
2021-05-29 17:11:25 [runtime] (run:local)       ID.combined.SC_RNA_AGGREGATOR_CS.COUNT_AGGR.SC_RNA_AGGREGATOR.NORMALIZE_DEPTH.fork0.chnk0.main
2021-05-29 17:11:25 [runtime] (run:local)       ID.combined.SC_RNA_AGGREGATOR_CS.COUNT_AGGR.SC_RNA_AGGREGATOR.NORMALIZE_DEPTH.fork0.chnk1.main
2021-05-29 17:11:25 [runtime] (run:local)       ID.combined.SC_RNA_AGGREGATOR_CS.COUNT_AGGR.SC_RNA_AGGREGATOR.NORMALIZE_DEPTH.fork0.chnk2.main
2021-05-29 17:11:25 [runtime] (run:local)       ID.combined.SC_RNA_AGGREGATOR_CS.COUNT_AGGR.SC_RNA_AGGREGATOR.NORMALIZE_DEPTH.fork0.chnk3.main
2021-05-29 17:11:25 [runtime] (run:local)       ID.combined.SC_RNA_AGGREGATOR_CS.COUNT_AGGR.SC_RNA_AGGREGATOR.NORMALIZE_DEPTH.fork0.chnk4.main
2021-05-29 17:12:20 [runtime] (chunks_complete) ID.combined.SC_RNA_AGGREGATOR_CS.COUNT_AGGR.SC_RNA_AGGREGATOR.NORMALIZE_DEPTH
2021-05-29 17:12:20 [runtime] (run:local)       ID.combined.SC_RNA_AGGREGATOR_CS.COUNT_AGGR.SC_RNA_AGGREGATOR.NORMALIZE_DEPTH.fork0.join
2021-05-29 17:12:22 [runtime] (join_complete)   ID.combined.SC_RNA_AGGREGATOR_CS.COUNT_AGGR.SC_RNA_AGGREGATOR.NORMALIZE_DEPTH
2021-05-29 17:12:22 [runtime] (ready)           ID.combined.SC_RNA_AGGREGATOR_CS.COUNT_AGGR.SC_RNA_AGGREGATOR.WRITE_MATRICES
2021-05-29 17:12:22 [runtime] (run:local)       ID.combined.SC_RNA_AGGREGATOR_CS.COUNT_AGGR.SC_RNA_AGGREGATOR.WRITE_MATRICES.fork0.split
2021-05-29 17:12:24 [runtime] (split_complete)  ID.combined.SC_RNA_AGGREGATOR_CS.COUNT_AGGR.SC_RNA_AGGREGATOR.WRITE_MATRICES
2021-05-29 17:12:24 [runtime] (run:local)       ID.combined.SC_RNA_AGGREGATOR_CS.COUNT_AGGR.SC_RNA_AGGREGATOR.WRITE_MATRICES.fork0.join
2021-05-29 17:18:06 [runtime] (join_complete)   ID.combined.SC_RNA_AGGREGATOR_CS.COUNT_AGGR.SC_RNA_AGGREGATOR.WRITE_MATRICES
2021-05-29 17:18:06 [runtime] (ready)           ID.combined.SC_RNA_AGGREGATOR_CS.COUNT_AGGR.SC_RNA_AGGREGATOR.SC_RNA_ANALYZER.ANALYZER_PREFLIGHT
2021-05-29 17:18:06 [runtime] (run:local)       ID.combined.SC_RNA_AGGREGATOR_CS.COUNT_AGGR.SC_RNA_AGGREGATOR.SC_RNA_ANALYZER.ANALYZER_PREFLIGHT.fork0.chnk0.main
2021-05-29 17:18:06 [runtime] (ready)           ID.combined.SC_RNA_AGGREGATOR_CS.COUNT_AGGR.CHECK_INVARIANTS
2021-05-29 17:18:06 [runtime] (run:local)       ID.combined.SC_RNA_AGGREGATOR_CS.COUNT_AGGR.CHECK_INVARIANTS.fork0.split
2021-05-29 17:18:08 [runtime] (chunks_complete) ID.combined.SC_RNA_AGGREGATOR_CS.COUNT_AGGR.SC_RNA_AGGREGATOR.SC_RNA_ANALYZER.ANALYZER_PREFLIGHT
2021-05-29 17:18:08 [runtime] (ready)           ID.combined.SC_RNA_AGGREGATOR_CS.COUNT_AGGR.SC_RNA_AGGREGATOR.SC_RNA_ANALYZER.PREPROCESS_MATRIX
2021-05-29 17:18:08 [runtime] (run:local)       ID.combined.SC_RNA_AGGREGATOR_CS.COUNT_AGGR.SC_RNA_AGGREGATOR.SC_RNA_ANALYZER.PREPROCESS_MATRIX.fork0.split
2021-05-29 17:18:10 [runtime] (split_complete)  ID.combined.SC_RNA_AGGREGATOR_CS.COUNT_AGGR.CHECK_INVARIANTS
2021-05-29 17:18:10 [runtime] (run:local)       ID.combined.SC_RNA_AGGREGATOR_CS.COUNT_AGGR.CHECK_INVARIANTS.fork0.join
2021-05-29 17:18:11 [runtime] (split_complete)  ID.combined.SC_RNA_AGGREGATOR_CS.COUNT_AGGR.SC_RNA_AGGREGATOR.SC_RNA_ANALYZER.PREPROCESS_MATRIX
2021-05-29 17:18:11 [runtime] (run:local)       ID.combined.SC_RNA_AGGREGATOR_CS.COUNT_AGGR.SC_RNA_AGGREGATOR.SC_RNA_ANALYZER.PREPROCESS_MATRIX.fork0.join
2021-05-29 17:18:39 [runtime] (join_complete)   ID.combined.SC_RNA_AGGREGATOR_CS.COUNT_AGGR.SC_RNA_AGGREGATOR.SC_RNA_ANALYZER.PREPROCESS_MATRIX
2021-05-29 17:18:39 [runtime] (ready)           ID.combined.SC_RNA_AGGREGATOR_CS.COUNT_AGGR.SC_RNA_AGGREGATOR.SC_RNA_ANALYZER.RUN_FBPCA
2021-05-29 17:18:39 [runtime] (ready)           ID.combined.SC_RNA_AGGREGATOR_CS.COUNT_AGGR.SC_RNA_AGGREGATOR.SC_RNA_ANALYZER.CORRECT_CHEMISTRY_BATCH
2021-05-29 17:18:39 [runtime] (ready)           ID.combined.SC_RNA_AGGREGATOR_CS.COUNT_AGGR.SC_RNA_AGGREGATOR.SC_RNA_ANALYZER.RUN_MULTIGENOME_ANALYSIS
2021-05-29 17:18:39 [runtime] (run:local)       ID.combined.SC_RNA_AGGREGATOR_CS.COUNT_AGGR.SC_RNA_AGGREGATOR.SC_RNA_ANALYZER.RUN_MULTIGENOME_ANALYSIS.fork0.split
2021-05-29 17:18:39 [runtime] (ready)           ID.combined.SC_RNA_AGGREGATOR_CS.COUNT_AGGR.SC_RNA_AGGREGATOR.SC_RNA_ANALYZER.RUN_PCA
2021-05-29 17:18:39 [runtime] (run:local)       ID.combined.SC_RNA_AGGREGATOR_CS.COUNT_AGGR.SC_RNA_AGGREGATOR.SC_RNA_ANALYZER.RUN_PCA.fork0.split
2021-05-29 17:18:40 [runtime] (split_complete)  ID.combined.SC_RNA_AGGREGATOR_CS.COUNT_AGGR.SC_RNA_AGGREGATOR.SC_RNA_ANALYZER.RUN_MULTIGENOME_ANALYSIS
2021-05-29 17:18:40 [runtime] (run:local)       ID.combined.SC_RNA_AGGREGATOR_CS.COUNT_AGGR.SC_RNA_AGGREGATOR.SC_RNA_ANALYZER.RUN_MULTIGENOME_ANALYSIS.fork0.join
2021-05-29 17:18:40 [runtime] (split_complete)  ID.combined.SC_RNA_AGGREGATOR_CS.COUNT_AGGR.SC_RNA_AGGREGATOR.SC_RNA_ANALYZER.RUN_PCA
2021-05-29 17:18:40 [runtime] (run:local)       ID.combined.SC_RNA_AGGREGATOR_CS.COUNT_AGGR.SC_RNA_AGGREGATOR.SC_RNA_ANALYZER.RUN_PCA.fork0.chnk0.main
2021-05-29 17:18:42 [runtime] (join_complete)   ID.combined.SC_RNA_AGGREGATOR_CS.COUNT_AGGR.SC_RNA_AGGREGATOR.SC_RNA_ANALYZER.RUN_MULTIGENOME_ANALYSIS
2021-05-29 17:19:02 [runtime] (join_complete)   ID.combined.SC_RNA_AGGREGATOR_CS.COUNT_AGGR.CHECK_INVARIANTS
2021-05-29 17:19:36 [runtime] (chunks_complete) ID.combined.SC_RNA_AGGREGATOR_CS.COUNT_AGGR.SC_RNA_AGGREGATOR.SC_RNA_ANALYZER.RUN_PCA
2021-05-29 17:19:36 [runtime] (run:local)       ID.combined.SC_RNA_AGGREGATOR_CS.COUNT_AGGR.SC_RNA_AGGREGATOR.SC_RNA_ANALYZER.RUN_PCA.fork0.join
2021-05-29 17:19:37 [runtime] (join_complete)   ID.combined.SC_RNA_AGGREGATOR_CS.COUNT_AGGR.SC_RNA_AGGREGATOR.SC_RNA_ANALYZER.RUN_PCA
2021-05-29 17:19:37 [runtime] (ready)           ID.combined.SC_RNA_AGGREGATOR_CS.COUNT_AGGR.SC_RNA_AGGREGATOR.SC_RNA_ANALYZER.CHOOSE_DIMENSION_REDUCTION_OUTPUT
2021-05-29 17:19:37 [runtime] (run:local)       ID.combined.SC_RNA_AGGREGATOR_CS.COUNT_AGGR.SC_RNA_AGGREGATOR.SC_RNA_ANALYZER.CHOOSE_DIMENSION_REDUCTION_OUTPUT.fork0.chnk0.main
2021-05-29 17:19:37 [runtime] (chunks_complete) ID.combined.SC_RNA_AGGREGATOR_CS.COUNT_AGGR.SC_RNA_AGGREGATOR.SC_RNA_ANALYZER.CHOOSE_DIMENSION_REDUCTION_OUTPUT
2021-05-29 17:19:37 [runtime] (ready)           ID.combined.SC_RNA_AGGREGATOR_CS.COUNT_AGGR.SC_RNA_AGGREGATOR.SC_RNA_ANALYZER.RUN_TSNE
2021-05-29 17:19:37 [runtime] (run:local)       ID.combined.SC_RNA_AGGREGATOR_CS.COUNT_AGGR.SC_RNA_AGGREGATOR.SC_RNA_ANALYZER.RUN_TSNE.fork0.split
2021-05-29 17:19:37 [runtime] (ready)           ID.combined.SC_RNA_AGGREGATOR_CS.COUNT_AGGR.SC_RNA_AGGREGATOR.SC_RNA_ANALYZER.RUN_UMAP
2021-05-29 17:19:37 [runtime] (run:local)       ID.combined.SC_RNA_AGGREGATOR_CS.COUNT_AGGR.SC_RNA_AGGREGATOR.SC_RNA_ANALYZER.RUN_UMAP.fork0.split
2021-05-29 17:19:37 [runtime] (ready)           ID.combined.SC_RNA_AGGREGATOR_CS.COUNT_AGGR.SC_RNA_AGGREGATOR.SC_RNA_ANALYZER.RUN_GRAPH_CLUSTERING
2021-05-29 17:19:37 [runtime] (run:local)       ID.combined.SC_RNA_AGGREGATOR_CS.COUNT_AGGR.SC_RNA_AGGREGATOR.SC_RNA_ANALYZER.RUN_GRAPH_CLUSTERING.fork0.split
2021-05-29 17:19:37 [runtime] (ready)           ID.combined.SC_RNA_AGGREGATOR_CS.COUNT_AGGR.SC_RNA_AGGREGATOR.SC_RNA_ANALYZER.RUN_KMEANS
2021-05-29 17:19:37 [runtime] (run:local)       ID.combined.SC_RNA_AGGREGATOR_CS.COUNT_AGGR.SC_RNA_AGGREGATOR.SC_RNA_ANALYZER.RUN_KMEANS.fork0.split
2021-05-29 17:19:39 [runtime] (split_complete)  ID.combined.SC_RNA_AGGREGATOR_CS.COUNT_AGGR.SC_RNA_AGGREGATOR.SC_RNA_ANALYZER.RUN_KMEANS
2021-05-29 17:19:39 [runtime] (run:local)       ID.combined.SC_RNA_AGGREGATOR_CS.COUNT_AGGR.SC_RNA_AGGREGATOR.SC_RNA_ANALYZER.RUN_KMEANS.fork0.chnk0.main
2021-05-29 17:19:39 [runtime] (run:local)       ID.combined.SC_RNA_AGGREGATOR_CS.COUNT_AGGR.SC_RNA_AGGREGATOR.SC_RNA_ANALYZER.RUN_KMEANS.fork0.chnk1.main
2021-05-29 17:19:39 [runtime] (run:local)       ID.combined.SC_RNA_AGGREGATOR_CS.COUNT_AGGR.SC_RNA_AGGREGATOR.SC_RNA_ANALYZER.RUN_KMEANS.fork0.chnk2.main
2021-05-29 17:19:39 [runtime] (run:local)       ID.combined.SC_RNA_AGGREGATOR_CS.COUNT_AGGR.SC_RNA_AGGREGATOR.SC_RNA_ANALYZER.RUN_KMEANS.fork0.chnk3.main
2021-05-29 17:19:39 [runtime] (run:local)       ID.combined.SC_RNA_AGGREGATOR_CS.COUNT_AGGR.SC_RNA_AGGREGATOR.SC_RNA_ANALYZER.RUN_KMEANS.fork0.chnk4.main
2021-05-29 17:19:39 [runtime] (run:local)       ID.combined.SC_RNA_AGGREGATOR_CS.COUNT_AGGR.SC_RNA_AGGREGATOR.SC_RNA_ANALYZER.RUN_KMEANS.fork0.chnk5.main
2021-05-29 17:19:39 [runtime] (run:local)       ID.combined.SC_RNA_AGGREGATOR_CS.COUNT_AGGR.SC_RNA_AGGREGATOR.SC_RNA_ANALYZER.RUN_KMEANS.fork0.chnk6.main
2021-05-29 17:19:39 [runtime] (run:local)       ID.combined.SC_RNA_AGGREGATOR_CS.COUNT_AGGR.SC_RNA_AGGREGATOR.SC_RNA_ANALYZER.RUN_KMEANS.fork0.chnk7.main
2021-05-29 17:19:39 [runtime] (run:local)       ID.combined.SC_RNA_AGGREGATOR_CS.COUNT_AGGR.SC_RNA_AGGREGATOR.SC_RNA_ANALYZER.RUN_KMEANS.fork0.chnk8.main
2021-05-29 17:19:39 [runtime] (split_complete)  ID.combined.SC_RNA_AGGREGATOR_CS.COUNT_AGGR.SC_RNA_AGGREGATOR.SC_RNA_ANALYZER.RUN_GRAPH_CLUSTERING
2021-05-29 17:19:39 [runtime] (run:local)       ID.combined.SC_RNA_AGGREGATOR_CS.COUNT_AGGR.SC_RNA_AGGREGATOR.SC_RNA_ANALYZER.RUN_GRAPH_CLUSTERING.fork0.chnk0.main
2021-05-29 17:19:39 [runtime] (run:local)       ID.combined.SC_RNA_AGGREGATOR_CS.COUNT_AGGR.SC_RNA_AGGREGATOR.SC_RNA_ANALYZER.RUN_GRAPH_CLUSTERING.fork0.chnk1.main
2021-05-29 17:19:39 [runtime] (split_complete)  ID.combined.SC_RNA_AGGREGATOR_CS.COUNT_AGGR.SC_RNA_AGGREGATOR.SC_RNA_ANALYZER.RUN_TSNE
2021-05-29 17:19:39 [runtime] (run:local)       ID.combined.SC_RNA_AGGREGATOR_CS.COUNT_AGGR.SC_RNA_AGGREGATOR.SC_RNA_ANALYZER.RUN_TSNE.fork0.chnk0.main
2021-05-29 17:19:48 [runtime] (split_complete)  ID.combined.SC_RNA_AGGREGATOR_CS.COUNT_AGGR.SC_RNA_AGGREGATOR.SC_RNA_ANALYZER.RUN_UMAP
2021-05-29 17:19:48 [runtime] (run:local)       ID.combined.SC_RNA_AGGREGATOR_CS.COUNT_AGGR.SC_RNA_AGGREGATOR.SC_RNA_ANALYZER.RUN_UMAP.fork0.chnk0.main
2021-05-29 17:19:56 [runtime] (chunks_complete) ID.combined.SC_RNA_AGGREGATOR_CS.COUNT_AGGR.SC_RNA_AGGREGATOR.SC_RNA_ANALYZER.RUN_KMEANS
2021-05-29 17:19:56 [runtime] (run:local)       ID.combined.SC_RNA_AGGREGATOR_CS.COUNT_AGGR.SC_RNA_AGGREGATOR.SC_RNA_ANALYZER.RUN_KMEANS.fork0.join
2021-05-29 17:19:57 [runtime] (join_complete)   ID.combined.SC_RNA_AGGREGATOR_CS.COUNT_AGGR.SC_RNA_AGGREGATOR.SC_RNA_ANALYZER.RUN_KMEANS
2021-05-29 17:19:59 [runtime] (chunks_complete) ID.combined.SC_RNA_AGGREGATOR_CS.COUNT_AGGR.SC_RNA_AGGREGATOR.SC_RNA_ANALYZER.RUN_GRAPH_CLUSTERING
2021-05-29 17:19:59 [runtime] (run:local)       ID.combined.SC_RNA_AGGREGATOR_CS.COUNT_AGGR.SC_RNA_AGGREGATOR.SC_RNA_ANALYZER.RUN_GRAPH_CLUSTERING.fork0.join
2021-05-29 17:20:18 [runtime] (join_complete)   ID.combined.SC_RNA_AGGREGATOR_CS.COUNT_AGGR.SC_RNA_AGGREGATOR.SC_RNA_ANALYZER.RUN_GRAPH_CLUSTERING
2021-05-29 17:20:18 [runtime] (ready)           ID.combined.SC_RNA_AGGREGATOR_CS.COUNT_AGGR.SC_RNA_AGGREGATOR.SC_RNA_ANALYZER.MERGE_CLUSTERS
2021-05-29 17:20:18 [runtime] (run:local)       ID.combined.SC_RNA_AGGREGATOR_CS.COUNT_AGGR.SC_RNA_AGGREGATOR.SC_RNA_ANALYZER.MERGE_CLUSTERS.fork0.split
2021-05-29 17:20:19 [runtime] (split_complete)  ID.combined.SC_RNA_AGGREGATOR_CS.COUNT_AGGR.SC_RNA_AGGREGATOR.SC_RNA_ANALYZER.MERGE_CLUSTERS
2021-05-29 17:20:19 [runtime] (run:local)       ID.combined.SC_RNA_AGGREGATOR_CS.COUNT_AGGR.SC_RNA_AGGREGATOR.SC_RNA_ANALYZER.MERGE_CLUSTERS.fork0.chnk0.main
2021-05-29 17:20:21 [runtime] (chunks_complete) ID.combined.SC_RNA_AGGREGATOR_CS.COUNT_AGGR.SC_RNA_AGGREGATOR.SC_RNA_ANALYZER.MERGE_CLUSTERS
2021-05-29 17:20:21 [runtime] (run:local)       ID.combined.SC_RNA_AGGREGATOR_CS.COUNT_AGGR.SC_RNA_AGGREGATOR.SC_RNA_ANALYZER.MERGE_CLUSTERS.fork0.join
2021-05-29 17:20:44 [runtime] (chunks_complete) ID.combined.SC_RNA_AGGREGATOR_CS.COUNT_AGGR.SC_RNA_AGGREGATOR.SC_RNA_ANALYZER.RUN_UMAP
2021-05-29 17:20:44 [runtime] (run:local)       ID.combined.SC_RNA_AGGREGATOR_CS.COUNT_AGGR.SC_RNA_AGGREGATOR.SC_RNA_ANALYZER.RUN_UMAP.fork0.join
2021-05-29 17:20:47 [runtime] (join_complete)   ID.combined.SC_RNA_AGGREGATOR_CS.COUNT_AGGR.SC_RNA_AGGREGATOR.SC_RNA_ANALYZER.RUN_UMAP
2021-05-29 17:20:59 [runtime] (join_complete)   ID.combined.SC_RNA_AGGREGATOR_CS.COUNT_AGGR.SC_RNA_AGGREGATOR.SC_RNA_ANALYZER.MERGE_CLUSTERS
2021-05-29 17:20:59 [runtime] (ready)           ID.combined.SC_RNA_AGGREGATOR_CS.COUNT_AGGR.SC_RNA_AGGREGATOR.SC_RNA_ANALYZER.COMBINE_CLUSTERING
2021-05-29 17:20:59 [runtime] (run:local)       ID.combined.SC_RNA_AGGREGATOR_CS.COUNT_AGGR.SC_RNA_AGGREGATOR.SC_RNA_ANALYZER.COMBINE_CLUSTERING.fork0.chnk0.main
2021-05-29 17:21:00 [runtime] (chunks_complete) ID.combined.SC_RNA_AGGREGATOR_CS.COUNT_AGGR.SC_RNA_AGGREGATOR.SC_RNA_ANALYZER.COMBINE_CLUSTERING
2021-05-29 17:21:00 [runtime] (ready)           ID.combined.SC_RNA_AGGREGATOR_CS.COUNT_AGGR.SC_RNA_AGGREGATOR.SC_RNA_ANALYZER.RUN_DIFFERENTIAL_EXPRESSION
2021-05-29 17:21:00 [runtime] (run:local)       ID.combined.SC_RNA_AGGREGATOR_CS.COUNT_AGGR.SC_RNA_AGGREGATOR.SC_RNA_ANALYZER.RUN_DIFFERENTIAL_EXPRESSION.fork0.split
2021-05-29 17:21:01 [runtime] (split_complete)  ID.combined.SC_RNA_AGGREGATOR_CS.COUNT_AGGR.SC_RNA_AGGREGATOR.SC_RNA_ANALYZER.RUN_DIFFERENTIAL_EXPRESSION
2021-05-29 17:21:01 [runtime] (run:local)       ID.combined.SC_RNA_AGGREGATOR_CS.COUNT_AGGR.SC_RNA_AGGREGATOR.SC_RNA_ANALYZER.RUN_DIFFERENTIAL_EXPRESSION.fork0.chnk00.main
2021-05-29 17:21:01 [runtime] (run:local)       ID.combined.SC_RNA_AGGREGATOR_CS.COUNT_AGGR.SC_RNA_AGGREGATOR.SC_RNA_ANALYZER.RUN_DIFFERENTIAL_EXPRESSION.fork0.chnk01.main
2021-05-29 17:21:01 [runtime] (run:local)       ID.combined.SC_RNA_AGGREGATOR_CS.COUNT_AGGR.SC_RNA_AGGREGATOR.SC_RNA_ANALYZER.RUN_DIFFERENTIAL_EXPRESSION.fork0.chnk02.main
2021-05-29 17:21:01 [runtime] (run:local)       ID.combined.SC_RNA_AGGREGATOR_CS.COUNT_AGGR.SC_RNA_AGGREGATOR.SC_RNA_ANALYZER.RUN_DIFFERENTIAL_EXPRESSION.fork0.chnk03.main
2021-05-29 17:21:01 [runtime] (run:local)       ID.combined.SC_RNA_AGGREGATOR_CS.COUNT_AGGR.SC_RNA_AGGREGATOR.SC_RNA_ANALYZER.RUN_DIFFERENTIAL_EXPRESSION.fork0.chnk04.main
2021-05-29 17:21:01 [runtime] (run:local)       ID.combined.SC_RNA_AGGREGATOR_CS.COUNT_AGGR.SC_RNA_AGGREGATOR.SC_RNA_ANALYZER.RUN_DIFFERENTIAL_EXPRESSION.fork0.chnk05.main
2021-05-29 17:21:01 [runtime] (run:local)       ID.combined.SC_RNA_AGGREGATOR_CS.COUNT_AGGR.SC_RNA_AGGREGATOR.SC_RNA_ANALYZER.RUN_DIFFERENTIAL_EXPRESSION.fork0.chnk06.main
2021-05-29 17:21:01 [runtime] (run:local)       ID.combined.SC_RNA_AGGREGATOR_CS.COUNT_AGGR.SC_RNA_AGGREGATOR.SC_RNA_ANALYZER.RUN_DIFFERENTIAL_EXPRESSION.fork0.chnk07.main
2021-05-29 17:21:01 [runtime] (run:local)       ID.combined.SC_RNA_AGGREGATOR_CS.COUNT_AGGR.SC_RNA_AGGREGATOR.SC_RNA_ANALYZER.RUN_DIFFERENTIAL_EXPRESSION.fork0.chnk08.main
2021-05-29 17:21:01 [runtime] (run:local)       ID.combined.SC_RNA_AGGREGATOR_CS.COUNT_AGGR.SC_RNA_AGGREGATOR.SC_RNA_ANALYZER.RUN_DIFFERENTIAL_EXPRESSION.fork0.chnk09.main
2021-05-29 17:21:34 [runtime] (chunks_complete) ID.combined.SC_RNA_AGGREGATOR_CS.COUNT_AGGR.SC_RNA_AGGREGATOR.SC_RNA_ANALYZER.RUN_TSNE
2021-05-29 17:21:34 [runtime] (run:local)       ID.combined.SC_RNA_AGGREGATOR_CS.COUNT_AGGR.SC_RNA_AGGREGATOR.SC_RNA_ANALYZER.RUN_TSNE.fork0.join
2021-05-29 17:25:38 [runtime] (join_complete)   ID.combined.SC_RNA_AGGREGATOR_CS.COUNT_AGGR.SC_RNA_AGGREGATOR.SC_RNA_ANALYZER.RUN_TSNE
2021-05-29 17:26:24 [runtime] (update)          ID.combined.SC_RNA_AGGREGATOR_CS.COUNT_AGGR.SC_RNA_AGGREGATOR.SC_RNA_ANALYZER.RUN_DIFFERENTIAL_EXPRESSION.fork0 chunks running (9/10 completed)
2021-05-29 17:27:23 [runtime] (chunks_complete) ID.combined.SC_RNA_AGGREGATOR_CS.COUNT_AGGR.SC_RNA_AGGREGATOR.SC_RNA_ANALYZER.RUN_DIFFERENTIAL_EXPRESSION
2021-05-29 17:27:23 [runtime] (run:local)       ID.combined.SC_RNA_AGGREGATOR_CS.COUNT_AGGR.SC_RNA_AGGREGATOR.SC_RNA_ANALYZER.RUN_DIFFERENTIAL_EXPRESSION.fork0.join
2021-05-29 17:27:28 [runtime] (join_complete)   ID.combined.SC_RNA_AGGREGATOR_CS.COUNT_AGGR.SC_RNA_AGGREGATOR.SC_RNA_ANALYZER.RUN_DIFFERENTIAL_EXPRESSION
2021-05-29 17:27:28 [runtime] (ready)           ID.combined.SC_RNA_AGGREGATOR_CS.COUNT_AGGR.SC_RNA_AGGREGATOR.SC_RNA_ANALYZER.SUMMARIZE_ANALYSIS
2021-05-29 17:27:28 [runtime] (run:local)       ID.combined.SC_RNA_AGGREGATOR_CS.COUNT_AGGR.SC_RNA_AGGREGATOR.SC_RNA_ANALYZER.SUMMARIZE_ANALYSIS.fork0.split
2021-05-29 17:27:28 [runtime] (split_complete)  ID.combined.SC_RNA_AGGREGATOR_CS.COUNT_AGGR.SC_RNA_AGGREGATOR.SC_RNA_ANALYZER.SUMMARIZE_ANALYSIS
2021-05-29 17:27:28 [runtime] (run:local)       ID.combined.SC_RNA_AGGREGATOR_CS.COUNT_AGGR.SC_RNA_AGGREGATOR.SC_RNA_ANALYZER.SUMMARIZE_ANALYSIS.fork0.chnk0.main
2021-05-29 17:27:32 [runtime] (chunks_complete) ID.combined.SC_RNA_AGGREGATOR_CS.COUNT_AGGR.SC_RNA_AGGREGATOR.SC_RNA_ANALYZER.SUMMARIZE_ANALYSIS
2021-05-29 17:27:32 [runtime] (run:local)       ID.combined.SC_RNA_AGGREGATOR_CS.COUNT_AGGR.SC_RNA_AGGREGATOR.SC_RNA_ANALYZER.SUMMARIZE_ANALYSIS.fork0.join
2021-05-29 17:27:34 [runtime] (join_complete)   ID.combined.SC_RNA_AGGREGATOR_CS.COUNT_AGGR.SC_RNA_AGGREGATOR.SC_RNA_ANALYZER.SUMMARIZE_ANALYSIS
2021-05-29 17:27:34 [runtime] (ready)           ID.combined.SC_RNA_AGGREGATOR_CS.COUNT_AGGR.SC_RNA_AGGREGATOR.SUMMARIZE_AGGREGATED_REPORTS
2021-05-29 17:27:34 [runtime] (run:local)       ID.combined.SC_RNA_AGGREGATOR_CS.COUNT_AGGR.SC_RNA_AGGREGATOR.SUMMARIZE_AGGREGATED_REPORTS.fork0.split
2021-05-29 17:27:45 [runtime] (split_complete)  ID.combined.SC_RNA_AGGREGATOR_CS.COUNT_AGGR.SC_RNA_AGGREGATOR.SUMMARIZE_AGGREGATED_REPORTS
2021-05-29 17:27:45 [runtime] (run:local)       ID.combined.SC_RNA_AGGREGATOR_CS.COUNT_AGGR.SC_RNA_AGGREGATOR.SUMMARIZE_AGGREGATED_REPORTS.fork0.join
2021-05-29 17:28:09 [runtime] (join_complete)   ID.combined.SC_RNA_AGGREGATOR_CS.COUNT_AGGR.SC_RNA_AGGREGATOR.SUMMARIZE_AGGREGATED_REPORTS
2021-05-29 17:28:10 [runtime] (ready)           ID.combined.SC_RNA_AGGREGATOR_CS.COUNT_AGGR.CLOUPE_PREPROCESS
2021-05-29 17:28:10 [runtime] (run:local)       ID.combined.SC_RNA_AGGREGATOR_CS.COUNT_AGGR.CLOUPE_PREPROCESS.fork0.split
2021-05-29 17:28:10 [runtime] (ready)           ID.combined.SC_RNA_AGGREGATOR_CS.BUILD_COMBINED_WEB_SUMMARY
2021-05-29 17:28:10 [runtime] (run:local)       ID.combined.SC_RNA_AGGREGATOR_CS.BUILD_COMBINED_WEB_SUMMARY.fork0.chnk0.main
2021-05-29 17:28:11 [runtime] (chunks_complete) ID.combined.SC_RNA_AGGREGATOR_CS.BUILD_COMBINED_WEB_SUMMARY
2021-05-29 17:28:12 [runtime] (split_complete)  ID.combined.SC_RNA_AGGREGATOR_CS.COUNT_AGGR.CLOUPE_PREPROCESS
2021-05-29 17:28:12 [runtime] (run:local)       ID.combined.SC_RNA_AGGREGATOR_CS.COUNT_AGGR.CLOUPE_PREPROCESS.fork0.chnk0.main
2021-05-29 17:29:45 [runtime] (chunks_complete) ID.combined.SC_RNA_AGGREGATOR_CS.COUNT_AGGR.CLOUPE_PREPROCESS
2021-05-29 17:29:45 [runtime] (run:local)       ID.combined.SC_RNA_AGGREGATOR_CS.COUNT_AGGR.CLOUPE_PREPROCESS.fork0.join
2021-05-29 17:29:46 [runtime] (join_complete)   ID.combined.SC_RNA_AGGREGATOR_CS.COUNT_AGGR.CLOUPE_PREPROCESS

Outputs:
- Copy of the input aggregation CSV: /project2/nobrega/zach/Embryoid-Body-10X-Pilot/data/combined/outs/aggregation.csv
- Aggregation metrics summary HTML:  /project2/nobrega/zach/Embryoid-Body-10X-Pilot/data/combined/outs/web_summary.html
- count:
    Aggregation metrics summary JSON:         /project2/nobrega/zach/Embryoid-Body-10X-Pilot/data/combined/outs/count/summary.json
    Secondary analysis output CSV:            /project2/nobrega/zach/Embryoid-Body-10X-Pilot/data/combined/outs/count/analysis
    Filtered feature-barcode matrices MEX:    /project2/nobrega/zach/Embryoid-Body-10X-Pilot/data/combined/outs/count/filtered_feature_bc_matrix
    Filtered feature-barcode matrices HDF5:   /project2/nobrega/zach/Embryoid-Body-10X-Pilot/data/combined/outs/count/filtered_feature_bc_matrix.h5
    Unfiltered feature-barcode matrices MEX:  /project2/nobrega/zach/Embryoid-Body-10X-Pilot/data/combined/outs/count/raw_feature_bc_matrix
    Unfiltered feature-barcode matrices HDF5: /project2/nobrega/zach/Embryoid-Body-10X-Pilot/data/combined/outs/count/raw_feature_bc_matrix.h5
    Loupe Browser file:                       /project2/nobrega/zach/Embryoid-Body-10X-Pilot/data/combined/outs/count/cloupe.cloupe
- vdj_t:                             null
- vdj_b:                             null
- V(D)J reference:                   null

Waiting 6 seconds for UI to do final refresh.
Pipestance completed successfully!

2021-05-29 17:29:53 Shutting down.
[Sat May 29 17:29:57 2021]
Finished job 0.
1 of 1 steps (100%) done
