Building DAG of jobs...
Using shell: /bin/bash
Provided cores: 28
Rules claiming more threads will be scaled down.
Job counts:
	count	jobs
	1	cellranger_count
	1
Select jobs to execute...

[Wed May 26 10:53:07 2021]
rule cellranger_count:
    output: /project2/nobrega/zach/Embryoid-Body-10X-Pilot/data/MN-DS-10X-2S-WT_web_summary.html
    jobid: 0
    wildcards: sample=MN-DS-10X-2S-WT

cd data/ && cellranger count --id=MN-DS-10X-2S-WT --sample=MN-DS-10X-2S-WT --transcriptome=/project2/nobrega/zach/reference/10X/refdata-gex-GRCh38-2020-A/ --fastqs=/project2/nobrega/zach/Embryoid-Body-10X-Pilot/data/raw/H55F2DRXY_2/ && cp MN-DS-10X-2S-WT/outs/web_summary.html MN-DS-10X-2S-WT_web_summary.html
Activating conda environment: /project2/nobrega/zach/Embryoid-Body-10X-Pilot/.snakemake/conda/b1b8d91cb93e50c09be9db890c451a09
Martian Runtime - v4.0.4
Serving UI at http://midway2-0380.rcc.local:41439?auth=R67YnYkhkpCXTa7qn5x-4IK9SHwvUh9c84mYHx_7swg

Running preflight checks (please wait)...
Checking sample info...
Checking FASTQ folder...
Checking reference...
Checking reference_path (/project2/nobrega/zach/reference/10X/refdata-gex-GRCh38-2020-A) on midway2-0380.rcc.local...
Checking optional arguments...
mrc: v4.0.4

mrp: v4.0.4

Anaconda: Python 3.7.6

numpy: 1.19.2

scipy: 1.1.0

pysam: 0.16.0.1

h5py: 2.8.0

pandas: 0.24.2

STAR: 2.7.2a

samtools: samtools 1.10
Using htslib 1.10.2
Copyright (C) 2019 Genome Research Ltd.

2021-05-26 10:53:37 [runtime] (ready)           ID.MN-DS-10X-2S-WT.SC_RNA_COUNTER_CS.WRITE_GENE_INDEX
2021-05-26 10:53:37 [runtime] (run:local)       ID.MN-DS-10X-2S-WT.SC_RNA_COUNTER_CS.WRITE_GENE_INDEX.fork0.chnk0.main
2021-05-26 10:53:37 [runtime] (ready)           ID.MN-DS-10X-2S-WT.SC_RNA_COUNTER_CS.SC_MULTI_CORE.MULTI_CHEMISTRY_DETECTOR._GEM_WELL_CHEMISTRY_DETECTOR.DETECT_COUNT_CHEMISTRY
2021-05-26 10:53:42 [runtime] (run:local)       ID.MN-DS-10X-2S-WT.SC_RNA_COUNTER_CS.SC_MULTI_CORE.MULTI_CHEMISTRY_DETECTOR._GEM_WELL_CHEMISTRY_DETECTOR.DETECT_COUNT_CHEMISTRY.fork0.chnk0.main
2021-05-26 10:53:42 [runtime] (ready)           ID.MN-DS-10X-2S-WT.SC_RNA_COUNTER_CS.SC_MULTI_CORE.MAKE_FULL_CONFIG._MAKE_VDJ_CONFIG
2021-05-26 10:53:42 [runtime] (run:local)       ID.MN-DS-10X-2S-WT.SC_RNA_COUNTER_CS.SC_MULTI_CORE.MAKE_FULL_CONFIG._MAKE_VDJ_CONFIG.fork0.chnk0.main
2021-05-26 10:53:42 [runtime] (ready)           ID.MN-DS-10X-2S-WT.SC_RNA_COUNTER_CS.FULL_COUNT_INPUTS.WRITE_GENE_INDEX
2021-05-26 10:53:46 [runtime] (run:local)       ID.MN-DS-10X-2S-WT.SC_RNA_COUNTER_CS.FULL_COUNT_INPUTS.WRITE_GENE_INDEX.fork0.chnk0.main
2021-05-26 10:53:46 [runtime] (ready)           ID.MN-DS-10X-2S-WT.SC_RNA_COUNTER_CS.SC_MULTI_CORE.MULTI_GEM_WELL_PROCESSOR.COUNT_GEM_WELL_PROCESSOR._BASIC_SC_RNA_COUNTER.DISABLE_BAMS
2021-05-26 10:53:46 [runtime] (run:local)       ID.MN-DS-10X-2S-WT.SC_RNA_COUNTER_CS.SC_MULTI_CORE.MULTI_GEM_WELL_PROCESSOR.COUNT_GEM_WELL_PROCESSOR._BASIC_SC_RNA_COUNTER.DISABLE_BAMS.fork0.chnk0.main
2021-05-26 10:53:46 [runtime] (ready)           ID.MN-DS-10X-2S-WT.SC_RNA_COUNTER_CS.SC_MULTI_CORE.SANITIZE_MAP_CALLS
2021-05-26 10:53:47 [runtime] (chunks_complete) ID.MN-DS-10X-2S-WT.SC_RNA_COUNTER_CS.SC_MULTI_CORE.MAKE_FULL_CONFIG._MAKE_VDJ_CONFIG
2021-05-26 10:53:47 [runtime] (ready)           ID.MN-DS-10X-2S-WT.SC_RNA_COUNTER_CS.SC_MULTI_CORE.MULTI_GEM_WELL_PROCESSOR.VDJ_B_GEM_WELL_PROCESSOR.MULTI_SETUP_CHUNKS
2021-05-26 10:53:47 [runtime] (ready)           ID.MN-DS-10X-2S-WT.SC_RNA_COUNTER_CS.SC_MULTI_CORE.MULTI_GEM_WELL_PROCESSOR.VDJ_B_GEM_WELL_PROCESSOR.SC_VDJ_CONTIG_ASSEMBLER.MAKE_SHARD
2021-05-26 10:53:47 [runtime] (ready)           ID.MN-DS-10X-2S-WT.SC_RNA_COUNTER_CS.SC_MULTI_CORE.MULTI_GEM_WELL_PROCESSOR.VDJ_T_GEM_WELL_PROCESSOR.MULTI_SETUP_CHUNKS
2021-05-26 10:53:47 [runtime] (ready)           ID.MN-DS-10X-2S-WT.SC_RNA_COUNTER_CS.SC_MULTI_CORE.MULTI_GEM_WELL_PROCESSOR.VDJ_B_GEM_WELL_PROCESSOR.SC_VDJ_CONTIG_ASSEMBLER.BARCODE_CORRECTION
2021-05-26 10:53:47 [runtime] (ready)           ID.MN-DS-10X-2S-WT.SC_RNA_COUNTER_CS.SC_MULTI_CORE.MULTI_GEM_WELL_PROCESSOR.VDJ_T_GEM_WELL_PROCESSOR.SC_VDJ_CONTIG_ASSEMBLER.MAKE_SHARD
2021-05-26 10:53:47 [runtime] (ready)           ID.MN-DS-10X-2S-WT.SC_RNA_COUNTER_CS.SC_MULTI_CORE.MULTI_GEM_WELL_PROCESSOR.VDJ_B_GEM_WELL_PROCESSOR.SC_VDJ_CONTIG_ASSEMBLER.RUST_BRIDGE
2021-05-26 10:53:47 [runtime] (ready)           ID.MN-DS-10X-2S-WT.SC_RNA_COUNTER_CS.SC_MULTI_CORE.MULTI_GEM_WELL_PROCESSOR.VDJ_T_GEM_WELL_PROCESSOR.SC_VDJ_CONTIG_ASSEMBLER.BARCODE_CORRECTION
2021-05-26 10:53:47 [runtime] (ready)           ID.MN-DS-10X-2S-WT.SC_RNA_COUNTER_CS.SC_MULTI_CORE.MULTI_GEM_WELL_PROCESSOR.VDJ_B_GEM_WELL_PROCESSOR.SC_VDJ_CONTIG_ASSEMBLER.ASSEMBLE_VDJ
2021-05-26 10:53:47 [runtime] (ready)           ID.MN-DS-10X-2S-WT.SC_RNA_COUNTER_CS.SC_MULTI_CORE.MULTI_GEM_WELL_PROCESSOR.VDJ_B_GEM_WELL_PROCESSOR.SC_VDJ_CONTIG_ASSEMBLER.MERGE_METRICS
2021-05-26 10:53:47 [runtime] (ready)           ID.MN-DS-10X-2S-WT.SC_RNA_COUNTER_CS.SC_MULTI_CORE.MULTI_GEM_WELL_PROCESSOR.VDJ_T_GEM_WELL_PROCESSOR.SC_VDJ_CONTIG_ASSEMBLER.RUST_BRIDGE
2021-05-26 10:53:47 [runtime] (ready)           ID.MN-DS-10X-2S-WT.SC_RNA_COUNTER_CS.SC_MULTI_CORE.MULTI_GEM_WELL_PROCESSOR.VDJ_T_GEM_WELL_PROCESSOR.SC_VDJ_CONTIG_ASSEMBLER.ASSEMBLE_VDJ
2021-05-26 10:53:47 [runtime] (ready)           ID.MN-DS-10X-2S-WT.SC_RNA_COUNTER_CS.SC_MULTI_CORE.MULTI_GEM_WELL_PROCESSOR.VDJ_T_GEM_WELL_PROCESSOR.SC_VDJ_CONTIG_ASSEMBLER.MERGE_METRICS
2021-05-26 10:53:47 [runtime] (chunks_complete) ID.MN-DS-10X-2S-WT.SC_RNA_COUNTER_CS.SC_MULTI_CORE.MULTI_GEM_WELL_PROCESSOR.COUNT_GEM_WELL_PROCESSOR._BASIC_SC_RNA_COUNTER.DISABLE_BAMS
2021-05-26 10:54:01 [runtime] (chunks_complete) ID.MN-DS-10X-2S-WT.SC_RNA_COUNTER_CS.SC_MULTI_CORE.MULTI_CHEMISTRY_DETECTOR._GEM_WELL_CHEMISTRY_DETECTOR.DETECT_COUNT_CHEMISTRY
2021-05-26 10:54:01 [runtime] (ready)           ID.MN-DS-10X-2S-WT.SC_RNA_COUNTER_CS.SC_MULTI_CORE.MULTI_CHEMISTRY_DETECTOR._GEM_WELL_CHEMISTRY_DETECTOR.CHECK_BARCODES_COMPATIBILITY
2021-05-26 10:54:01 [runtime] (run:local)       ID.MN-DS-10X-2S-WT.SC_RNA_COUNTER_CS.SC_MULTI_CORE.MULTI_CHEMISTRY_DETECTOR._GEM_WELL_CHEMISTRY_DETECTOR.CHECK_BARCODES_COMPATIBILITY.fork0.chnk0.main
2021-05-26 10:54:01 [runtime] (chunks_complete) ID.MN-DS-10X-2S-WT.SC_RNA_COUNTER_CS.SC_MULTI_CORE.MULTI_CHEMISTRY_DETECTOR._GEM_WELL_CHEMISTRY_DETECTOR.CHECK_BARCODES_COMPATIBILITY
2021-05-26 10:54:01 [runtime] (ready)           ID.MN-DS-10X-2S-WT.SC_RNA_COUNTER_CS.SC_MULTI_CORE.MULTI_CHEMISTRY_DETECTOR.COMBINE_GEM_WELL_CHEMISTRIES
2021-05-26 10:54:08 [runtime] (run:local)       ID.MN-DS-10X-2S-WT.SC_RNA_COUNTER_CS.SC_MULTI_CORE.MULTI_CHEMISTRY_DETECTOR.COMBINE_GEM_WELL_CHEMISTRIES.fork0.chnk0.main
2021-05-26 10:54:08 [runtime] (chunks_complete) ID.MN-DS-10X-2S-WT.SC_RNA_COUNTER_CS.SC_MULTI_CORE.MULTI_CHEMISTRY_DETECTOR.COMBINE_GEM_WELL_CHEMISTRIES
2021-05-26 10:54:08 [runtime] (ready)           ID.MN-DS-10X-2S-WT.SC_RNA_COUNTER_CS.SC_MULTI_CORE.MULTI_GEM_WELL_PROCESSOR.COUNT_GEM_WELL_PROCESSOR.MULTI_SETUP_CHUNKS
2021-05-26 10:54:08 [runtime] (run:local)       ID.MN-DS-10X-2S-WT.SC_RNA_COUNTER_CS.SC_MULTI_CORE.MULTI_GEM_WELL_PROCESSOR.COUNT_GEM_WELL_PROCESSOR.MULTI_SETUP_CHUNKS.fork0.chnk0.main
2021-05-26 10:54:08 [runtime] (ready)           ID.MN-DS-10X-2S-WT.SC_RNA_COUNTER_CS.SC_MULTI_CORE.SPLIT_VDJ_INPUTS
2021-05-26 10:54:08 [runtime] (chunks_complete) ID.MN-DS-10X-2S-WT.SC_RNA_COUNTER_CS.SC_MULTI_CORE.MULTI_GEM_WELL_PROCESSOR.COUNT_GEM_WELL_PROCESSOR.MULTI_SETUP_CHUNKS
2021-05-26 10:54:14 [runtime] (chunks_complete) ID.MN-DS-10X-2S-WT.SC_RNA_COUNTER_CS.FULL_COUNT_INPUTS.WRITE_GENE_INDEX
2021-05-26 10:54:14 [runtime] (ready)           ID.MN-DS-10X-2S-WT.SC_RNA_COUNTER_CS.SC_MULTI_CORE.MULTI_GEM_WELL_PROCESSOR.COUNT_GEM_WELL_PROCESSOR.PARSE_TARGET_FEATURES
2021-05-26 10:54:14 [runtime] (run:local)       ID.MN-DS-10X-2S-WT.SC_RNA_COUNTER_CS.SC_MULTI_CORE.MULTI_GEM_WELL_PROCESSOR.COUNT_GEM_WELL_PROCESSOR.PARSE_TARGET_FEATURES.fork0.chnk0.main
2021-05-26 10:54:15 [runtime] (chunks_complete) ID.MN-DS-10X-2S-WT.SC_RNA_COUNTER_CS.WRITE_GENE_INDEX
2021-05-26 10:54:25 [runtime] (chunks_complete) ID.MN-DS-10X-2S-WT.SC_RNA_COUNTER_CS.SC_MULTI_CORE.MULTI_GEM_WELL_PROCESSOR.COUNT_GEM_WELL_PROCESSOR.PARSE_TARGET_FEATURES
2021-05-26 10:54:26 [runtime] (ready)           ID.MN-DS-10X-2S-WT.SC_RNA_COUNTER_CS.SC_MULTI_CORE.MULTI_GEM_WELL_PROCESSOR.COUNT_GEM_WELL_PROCESSOR._BASIC_SC_RNA_COUNTER._MATRIX_COMPUTER.MAKE_SHARD
2021-05-26 10:54:26 [runtime] (run:local)       ID.MN-DS-10X-2S-WT.SC_RNA_COUNTER_CS.SC_MULTI_CORE.MULTI_GEM_WELL_PROCESSOR.COUNT_GEM_WELL_PROCESSOR._BASIC_SC_RNA_COUNTER._MATRIX_COMPUTER.MAKE_SHARD.fork0.split
2021-05-26 10:54:33 [runtime] (split_complete)  ID.MN-DS-10X-2S-WT.SC_RNA_COUNTER_CS.SC_MULTI_CORE.MULTI_GEM_WELL_PROCESSOR.COUNT_GEM_WELL_PROCESSOR._BASIC_SC_RNA_COUNTER._MATRIX_COMPUTER.MAKE_SHARD
2021-05-26 10:54:33 [runtime] (run:local)       ID.MN-DS-10X-2S-WT.SC_RNA_COUNTER_CS.SC_MULTI_CORE.MULTI_GEM_WELL_PROCESSOR.COUNT_GEM_WELL_PROCESSOR._BASIC_SC_RNA_COUNTER._MATRIX_COMPUTER.MAKE_SHARD.fork0.chnk0.main
2021-05-26 11:00:34 [runtime] (update)          ID.MN-DS-10X-2S-WT.SC_RNA_COUNTER_CS.SC_MULTI_CORE.MULTI_GEM_WELL_PROCESSOR.COUNT_GEM_WELL_PROCESSOR._BASIC_SC_RNA_COUNTER._MATRIX_COMPUTER.MAKE_SHARD.fork0 chunks_running
2021-05-26 11:06:35 [runtime] (update)          ID.MN-DS-10X-2S-WT.SC_RNA_COUNTER_CS.SC_MULTI_CORE.MULTI_GEM_WELL_PROCESSOR.COUNT_GEM_WELL_PROCESSOR._BASIC_SC_RNA_COUNTER._MATRIX_COMPUTER.MAKE_SHARD.fork0 chunks_running
2021-05-26 11:12:34 [runtime] (update)          ID.MN-DS-10X-2S-WT.SC_RNA_COUNTER_CS.SC_MULTI_CORE.MULTI_GEM_WELL_PROCESSOR.COUNT_GEM_WELL_PROCESSOR._BASIC_SC_RNA_COUNTER._MATRIX_COMPUTER.MAKE_SHARD.fork0 chunks_running
2021-05-26 11:18:35 [runtime] (update)          ID.MN-DS-10X-2S-WT.SC_RNA_COUNTER_CS.SC_MULTI_CORE.MULTI_GEM_WELL_PROCESSOR.COUNT_GEM_WELL_PROCESSOR._BASIC_SC_RNA_COUNTER._MATRIX_COMPUTER.MAKE_SHARD.fork0 chunks_running
2021-05-26 11:24:36 [runtime] (update)          ID.MN-DS-10X-2S-WT.SC_RNA_COUNTER_CS.SC_MULTI_CORE.MULTI_GEM_WELL_PROCESSOR.COUNT_GEM_WELL_PROCESSOR._BASIC_SC_RNA_COUNTER._MATRIX_COMPUTER.MAKE_SHARD.fork0 chunks_running
2021-05-26 11:28:14 [runtime] (chunks_complete) ID.MN-DS-10X-2S-WT.SC_RNA_COUNTER_CS.SC_MULTI_CORE.MULTI_GEM_WELL_PROCESSOR.COUNT_GEM_WELL_PROCESSOR._BASIC_SC_RNA_COUNTER._MATRIX_COMPUTER.MAKE_SHARD
2021-05-26 11:28:14 [runtime] (run:local)       ID.MN-DS-10X-2S-WT.SC_RNA_COUNTER_CS.SC_MULTI_CORE.MULTI_GEM_WELL_PROCESSOR.COUNT_GEM_WELL_PROCESSOR._BASIC_SC_RNA_COUNTER._MATRIX_COMPUTER.MAKE_SHARD.fork0.join
2021-05-26 11:28:16 [runtime] (join_complete)   ID.MN-DS-10X-2S-WT.SC_RNA_COUNTER_CS.SC_MULTI_CORE.MULTI_GEM_WELL_PROCESSOR.COUNT_GEM_WELL_PROCESSOR._BASIC_SC_RNA_COUNTER._MATRIX_COMPUTER.MAKE_SHARD
2021-05-26 11:28:17 [runtime] (ready)           ID.MN-DS-10X-2S-WT.SC_RNA_COUNTER_CS.SC_MULTI_CORE.MULTI_GEM_WELL_PROCESSOR.COUNT_GEM_WELL_PROCESSOR._BASIC_SC_RNA_COUNTER._MATRIX_COMPUTER.BARCODE_CORRECTION
2021-05-26 11:28:17 [runtime] (run:local)       ID.MN-DS-10X-2S-WT.SC_RNA_COUNTER_CS.SC_MULTI_CORE.MULTI_GEM_WELL_PROCESSOR.COUNT_GEM_WELL_PROCESSOR._BASIC_SC_RNA_COUNTER._MATRIX_COMPUTER.BARCODE_CORRECTION.fork0.split
2021-05-26 11:28:17 [runtime] (split_complete)  ID.MN-DS-10X-2S-WT.SC_RNA_COUNTER_CS.SC_MULTI_CORE.MULTI_GEM_WELL_PROCESSOR.COUNT_GEM_WELL_PROCESSOR._BASIC_SC_RNA_COUNTER._MATRIX_COMPUTER.BARCODE_CORRECTION
2021-05-26 11:28:19 [runtime] (run:local)       ID.MN-DS-10X-2S-WT.SC_RNA_COUNTER_CS.SC_MULTI_CORE.MULTI_GEM_WELL_PROCESSOR.COUNT_GEM_WELL_PROCESSOR._BASIC_SC_RNA_COUNTER._MATRIX_COMPUTER.BARCODE_CORRECTION.fork0.chnk00.main
2021-05-26 11:28:19 [runtime] (run:local)       ID.MN-DS-10X-2S-WT.SC_RNA_COUNTER_CS.SC_MULTI_CORE.MULTI_GEM_WELL_PROCESSOR.COUNT_GEM_WELL_PROCESSOR._BASIC_SC_RNA_COUNTER._MATRIX_COMPUTER.BARCODE_CORRECTION.fork0.chnk01.main
2021-05-26 11:28:19 [runtime] (run:local)       ID.MN-DS-10X-2S-WT.SC_RNA_COUNTER_CS.SC_MULTI_CORE.MULTI_GEM_WELL_PROCESSOR.COUNT_GEM_WELL_PROCESSOR._BASIC_SC_RNA_COUNTER._MATRIX_COMPUTER.BARCODE_CORRECTION.fork0.chnk02.main
2021-05-26 11:28:19 [runtime] (run:local)       ID.MN-DS-10X-2S-WT.SC_RNA_COUNTER_CS.SC_MULTI_CORE.MULTI_GEM_WELL_PROCESSOR.COUNT_GEM_WELL_PROCESSOR._BASIC_SC_RNA_COUNTER._MATRIX_COMPUTER.BARCODE_CORRECTION.fork0.chnk03.main
2021-05-26 11:28:20 [runtime] (run:local)       ID.MN-DS-10X-2S-WT.SC_RNA_COUNTER_CS.SC_MULTI_CORE.MULTI_GEM_WELL_PROCESSOR.COUNT_GEM_WELL_PROCESSOR._BASIC_SC_RNA_COUNTER._MATRIX_COMPUTER.BARCODE_CORRECTION.fork0.chnk04.main
2021-05-26 11:28:20 [runtime] (run:local)       ID.MN-DS-10X-2S-WT.SC_RNA_COUNTER_CS.SC_MULTI_CORE.MULTI_GEM_WELL_PROCESSOR.COUNT_GEM_WELL_PROCESSOR._BASIC_SC_RNA_COUNTER._MATRIX_COMPUTER.BARCODE_CORRECTION.fork0.chnk05.main
2021-05-26 11:28:20 [runtime] (run:local)       ID.MN-DS-10X-2S-WT.SC_RNA_COUNTER_CS.SC_MULTI_CORE.MULTI_GEM_WELL_PROCESSOR.COUNT_GEM_WELL_PROCESSOR._BASIC_SC_RNA_COUNTER._MATRIX_COMPUTER.BARCODE_CORRECTION.fork0.chnk06.main
2021-05-26 11:28:20 [runtime] (run:local)       ID.MN-DS-10X-2S-WT.SC_RNA_COUNTER_CS.SC_MULTI_CORE.MULTI_GEM_WELL_PROCESSOR.COUNT_GEM_WELL_PROCESSOR._BASIC_SC_RNA_COUNTER._MATRIX_COMPUTER.BARCODE_CORRECTION.fork0.chnk07.main
2021-05-26 11:28:20 [runtime] (run:local)       ID.MN-DS-10X-2S-WT.SC_RNA_COUNTER_CS.SC_MULTI_CORE.MULTI_GEM_WELL_PROCESSOR.COUNT_GEM_WELL_PROCESSOR._BASIC_SC_RNA_COUNTER._MATRIX_COMPUTER.BARCODE_CORRECTION.fork0.chnk08.main
2021-05-26 11:28:20 [runtime] (run:local)       ID.MN-DS-10X-2S-WT.SC_RNA_COUNTER_CS.SC_MULTI_CORE.MULTI_GEM_WELL_PROCESSOR.COUNT_GEM_WELL_PROCESSOR._BASIC_SC_RNA_COUNTER._MATRIX_COMPUTER.BARCODE_CORRECTION.fork0.chnk09.main
2021-05-26 11:28:20 [runtime] (run:local)       ID.MN-DS-10X-2S-WT.SC_RNA_COUNTER_CS.SC_MULTI_CORE.MULTI_GEM_WELL_PROCESSOR.COUNT_GEM_WELL_PROCESSOR._BASIC_SC_RNA_COUNTER._MATRIX_COMPUTER.BARCODE_CORRECTION.fork0.chnk10.main
2021-05-26 11:28:20 [runtime] (run:local)       ID.MN-DS-10X-2S-WT.SC_RNA_COUNTER_CS.SC_MULTI_CORE.MULTI_GEM_WELL_PROCESSOR.COUNT_GEM_WELL_PROCESSOR._BASIC_SC_RNA_COUNTER._MATRIX_COMPUTER.BARCODE_CORRECTION.fork0.chnk11.main
2021-05-26 11:28:20 [runtime] (run:local)       ID.MN-DS-10X-2S-WT.SC_RNA_COUNTER_CS.SC_MULTI_CORE.MULTI_GEM_WELL_PROCESSOR.COUNT_GEM_WELL_PROCESSOR._BASIC_SC_RNA_COUNTER._MATRIX_COMPUTER.BARCODE_CORRECTION.fork0.chnk12.main
2021-05-26 11:28:21 [runtime] (run:local)       ID.MN-DS-10X-2S-WT.SC_RNA_COUNTER_CS.SC_MULTI_CORE.MULTI_GEM_WELL_PROCESSOR.COUNT_GEM_WELL_PROCESSOR._BASIC_SC_RNA_COUNTER._MATRIX_COMPUTER.BARCODE_CORRECTION.fork0.chnk13.main
2021-05-26 11:28:21 [runtime] (run:local)       ID.MN-DS-10X-2S-WT.SC_RNA_COUNTER_CS.SC_MULTI_CORE.MULTI_GEM_WELL_PROCESSOR.COUNT_GEM_WELL_PROCESSOR._BASIC_SC_RNA_COUNTER._MATRIX_COMPUTER.BARCODE_CORRECTION.fork0.chnk14.main
2021-05-26 11:28:21 [runtime] (run:local)       ID.MN-DS-10X-2S-WT.SC_RNA_COUNTER_CS.SC_MULTI_CORE.MULTI_GEM_WELL_PROCESSOR.COUNT_GEM_WELL_PROCESSOR._BASIC_SC_RNA_COUNTER._MATRIX_COMPUTER.BARCODE_CORRECTION.fork0.chnk15.main
2021-05-26 11:28:21 [runtime] (run:local)       ID.MN-DS-10X-2S-WT.SC_RNA_COUNTER_CS.SC_MULTI_CORE.MULTI_GEM_WELL_PROCESSOR.COUNT_GEM_WELL_PROCESSOR._BASIC_SC_RNA_COUNTER._MATRIX_COMPUTER.BARCODE_CORRECTION.fork0.chnk16.main
2021-05-26 11:28:21 [runtime] (run:local)       ID.MN-DS-10X-2S-WT.SC_RNA_COUNTER_CS.SC_MULTI_CORE.MULTI_GEM_WELL_PROCESSOR.COUNT_GEM_WELL_PROCESSOR._BASIC_SC_RNA_COUNTER._MATRIX_COMPUTER.BARCODE_CORRECTION.fork0.chnk17.main
2021-05-26 11:28:21 [runtime] (run:local)       ID.MN-DS-10X-2S-WT.SC_RNA_COUNTER_CS.SC_MULTI_CORE.MULTI_GEM_WELL_PROCESSOR.COUNT_GEM_WELL_PROCESSOR._BASIC_SC_RNA_COUNTER._MATRIX_COMPUTER.BARCODE_CORRECTION.fork0.chnk18.main
2021-05-26 11:28:21 [runtime] (run:local)       ID.MN-DS-10X-2S-WT.SC_RNA_COUNTER_CS.SC_MULTI_CORE.MULTI_GEM_WELL_PROCESSOR.COUNT_GEM_WELL_PROCESSOR._BASIC_SC_RNA_COUNTER._MATRIX_COMPUTER.BARCODE_CORRECTION.fork0.chnk19.main
2021-05-26 11:29:52 [runtime] (chunks_complete) ID.MN-DS-10X-2S-WT.SC_RNA_COUNTER_CS.SC_MULTI_CORE.MULTI_GEM_WELL_PROCESSOR.COUNT_GEM_WELL_PROCESSOR._BASIC_SC_RNA_COUNTER._MATRIX_COMPUTER.BARCODE_CORRECTION
2021-05-26 11:29:52 [runtime] (run:local)       ID.MN-DS-10X-2S-WT.SC_RNA_COUNTER_CS.SC_MULTI_CORE.MULTI_GEM_WELL_PROCESSOR.COUNT_GEM_WELL_PROCESSOR._BASIC_SC_RNA_COUNTER._MATRIX_COMPUTER.BARCODE_CORRECTION.fork0.join
2021-05-26 11:29:54 [runtime] (join_complete)   ID.MN-DS-10X-2S-WT.SC_RNA_COUNTER_CS.SC_MULTI_CORE.MULTI_GEM_WELL_PROCESSOR.COUNT_GEM_WELL_PROCESSOR._BASIC_SC_RNA_COUNTER._MATRIX_COMPUTER.BARCODE_CORRECTION
2021-05-26 11:29:54 [runtime] (ready)           ID.MN-DS-10X-2S-WT.SC_RNA_COUNTER_CS.SC_MULTI_CORE.MULTI_GEM_WELL_PROCESSOR.COUNT_GEM_WELL_PROCESSOR._BASIC_SC_RNA_COUNTER._MATRIX_COMPUTER._SLFE_PARTIAL_FIRST_PASS.SUBSAMPLE_BARCODES
2021-05-26 11:29:54 [runtime] (ready)           ID.MN-DS-10X-2S-WT.SC_RNA_COUNTER_CS.SC_MULTI_CORE.MULTI_GEM_WELL_PROCESSOR.COUNT_GEM_WELL_PROCESSOR._BASIC_SC_RNA_COUNTER._MATRIX_COMPUTER.WRITE_BARCODE_INDEX
2021-05-26 11:29:54 [runtime] (run:local)       ID.MN-DS-10X-2S-WT.SC_RNA_COUNTER_CS.SC_MULTI_CORE.MULTI_GEM_WELL_PROCESSOR.COUNT_GEM_WELL_PROCESSOR._BASIC_SC_RNA_COUNTER._MATRIX_COMPUTER.WRITE_BARCODE_INDEX.fork0.chnk0.main
2021-05-26 11:29:54 [runtime] (ready)           ID.MN-DS-10X-2S-WT.SC_RNA_COUNTER_CS.SC_MULTI_CORE.MULTI_GEM_WELL_PROCESSOR.COUNT_GEM_WELL_PROCESSOR._BASIC_SC_RNA_COUNTER._MATRIX_COMPUTER.SET_ALIGNER_SUBSAMPLE_RATE
2021-05-26 11:29:54 [runtime] (run:local)       ID.MN-DS-10X-2S-WT.SC_RNA_COUNTER_CS.SC_MULTI_CORE.MULTI_GEM_WELL_PROCESSOR.COUNT_GEM_WELL_PROCESSOR._BASIC_SC_RNA_COUNTER._MATRIX_COMPUTER.SET_ALIGNER_SUBSAMPLE_RATE.fork0.chnk0.main
2021-05-26 11:29:54 [runtime] (ready)           ID.MN-DS-10X-2S-WT.SC_RNA_COUNTER_CS.SC_MULTI_CORE.MULTI_GEM_WELL_PROCESSOR.COUNT_GEM_WELL_PROCESSOR._BASIC_SC_RNA_COUNTER._MATRIX_COMPUTER._SLFE_PARTIAL_FIRST_PASS.INITIAL_ALIGN_AND_COUNT
2021-05-26 11:29:54 [runtime] (ready)           ID.MN-DS-10X-2S-WT.SC_RNA_COUNTER_CS.SC_MULTI_CORE.MULTI_GEM_WELL_PROCESSOR.COUNT_GEM_WELL_PROCESSOR._BASIC_SC_RNA_COUNTER._MATRIX_COMPUTER._SLFE_PARTIAL_FIRST_PASS.SET_TARGETED_UMI_FILTER
2021-05-26 11:29:54 [runtime] (chunks_complete) ID.MN-DS-10X-2S-WT.SC_RNA_COUNTER_CS.SC_MULTI_CORE.MULTI_GEM_WELL_PROCESSOR.COUNT_GEM_WELL_PROCESSOR._BASIC_SC_RNA_COUNTER._MATRIX_COMPUTER.SET_ALIGNER_SUBSAMPLE_RATE
2021-05-26 11:29:54 [runtime] (ready)           ID.MN-DS-10X-2S-WT.SC_RNA_COUNTER_CS.SC_MULTI_CORE.MULTI_GEM_WELL_PROCESSOR.COUNT_GEM_WELL_PROCESSOR._BASIC_SC_RNA_COUNTER._MATRIX_COMPUTER.ALIGN_AND_COUNT
2021-05-26 11:29:54 [runtime] (run:local)       ID.MN-DS-10X-2S-WT.SC_RNA_COUNTER_CS.SC_MULTI_CORE.MULTI_GEM_WELL_PROCESSOR.COUNT_GEM_WELL_PROCESSOR._BASIC_SC_RNA_COUNTER._MATRIX_COMPUTER.ALIGN_AND_COUNT.fork0.split
2021-05-26 11:29:55 [runtime] (split_complete)  ID.MN-DS-10X-2S-WT.SC_RNA_COUNTER_CS.SC_MULTI_CORE.MULTI_GEM_WELL_PROCESSOR.COUNT_GEM_WELL_PROCESSOR._BASIC_SC_RNA_COUNTER._MATRIX_COMPUTER.ALIGN_AND_COUNT
2021-05-26 11:29:55 [runtime] (run:local)       ID.MN-DS-10X-2S-WT.SC_RNA_COUNTER_CS.SC_MULTI_CORE.MULTI_GEM_WELL_PROCESSOR.COUNT_GEM_WELL_PROCESSOR._BASIC_SC_RNA_COUNTER._MATRIX_COMPUTER.ALIGN_AND_COUNT.fork0.chnk00.main
2021-05-26 11:29:55 [runtime] (run:local)       ID.MN-DS-10X-2S-WT.SC_RNA_COUNTER_CS.SC_MULTI_CORE.MULTI_GEM_WELL_PROCESSOR.COUNT_GEM_WELL_PROCESSOR._BASIC_SC_RNA_COUNTER._MATRIX_COMPUTER.ALIGN_AND_COUNT.fork0.chnk01.main
2021-05-26 11:29:55 [runtime] (run:local)       ID.MN-DS-10X-2S-WT.SC_RNA_COUNTER_CS.SC_MULTI_CORE.MULTI_GEM_WELL_PROCESSOR.COUNT_GEM_WELL_PROCESSOR._BASIC_SC_RNA_COUNTER._MATRIX_COMPUTER.ALIGN_AND_COUNT.fork0.chnk02.main
2021-05-26 11:29:55 [runtime] (run:local)       ID.MN-DS-10X-2S-WT.SC_RNA_COUNTER_CS.SC_MULTI_CORE.MULTI_GEM_WELL_PROCESSOR.COUNT_GEM_WELL_PROCESSOR._BASIC_SC_RNA_COUNTER._MATRIX_COMPUTER.ALIGN_AND_COUNT.fork0.chnk03.main
2021-05-26 11:29:55 [runtime] (run:local)       ID.MN-DS-10X-2S-WT.SC_RNA_COUNTER_CS.SC_MULTI_CORE.MULTI_GEM_WELL_PROCESSOR.COUNT_GEM_WELL_PROCESSOR._BASIC_SC_RNA_COUNTER._MATRIX_COMPUTER.ALIGN_AND_COUNT.fork0.chnk04.main
2021-05-26 11:29:55 [runtime] (run:local)       ID.MN-DS-10X-2S-WT.SC_RNA_COUNTER_CS.SC_MULTI_CORE.MULTI_GEM_WELL_PROCESSOR.COUNT_GEM_WELL_PROCESSOR._BASIC_SC_RNA_COUNTER._MATRIX_COMPUTER.ALIGN_AND_COUNT.fork0.chnk05.main
2021-05-26 11:29:55 [runtime] (run:local)       ID.MN-DS-10X-2S-WT.SC_RNA_COUNTER_CS.SC_MULTI_CORE.MULTI_GEM_WELL_PROCESSOR.COUNT_GEM_WELL_PROCESSOR._BASIC_SC_RNA_COUNTER._MATRIX_COMPUTER.ALIGN_AND_COUNT.fork0.chnk06.main
2021-05-26 11:29:55 [runtime] (run:local)       ID.MN-DS-10X-2S-WT.SC_RNA_COUNTER_CS.SC_MULTI_CORE.MULTI_GEM_WELL_PROCESSOR.COUNT_GEM_WELL_PROCESSOR._BASIC_SC_RNA_COUNTER._MATRIX_COMPUTER.ALIGN_AND_COUNT.fork0.chnk07.main
2021-05-26 11:29:56 [runtime] (run:local)       ID.MN-DS-10X-2S-WT.SC_RNA_COUNTER_CS.SC_MULTI_CORE.MULTI_GEM_WELL_PROCESSOR.COUNT_GEM_WELL_PROCESSOR._BASIC_SC_RNA_COUNTER._MATRIX_COMPUTER.ALIGN_AND_COUNT.fork0.chnk08.main
2021-05-26 11:29:56 [runtime] (run:local)       ID.MN-DS-10X-2S-WT.SC_RNA_COUNTER_CS.SC_MULTI_CORE.MULTI_GEM_WELL_PROCESSOR.COUNT_GEM_WELL_PROCESSOR._BASIC_SC_RNA_COUNTER._MATRIX_COMPUTER.ALIGN_AND_COUNT.fork0.chnk09.main
2021-05-26 11:29:56 [runtime] (run:local)       ID.MN-DS-10X-2S-WT.SC_RNA_COUNTER_CS.SC_MULTI_CORE.MULTI_GEM_WELL_PROCESSOR.COUNT_GEM_WELL_PROCESSOR._BASIC_SC_RNA_COUNTER._MATRIX_COMPUTER.ALIGN_AND_COUNT.fork0.chnk10.main
2021-05-26 11:29:56 [runtime] (run:local)       ID.MN-DS-10X-2S-WT.SC_RNA_COUNTER_CS.SC_MULTI_CORE.MULTI_GEM_WELL_PROCESSOR.COUNT_GEM_WELL_PROCESSOR._BASIC_SC_RNA_COUNTER._MATRIX_COMPUTER.ALIGN_AND_COUNT.fork0.chnk11.main
2021-05-26 11:29:56 [runtime] (run:local)       ID.MN-DS-10X-2S-WT.SC_RNA_COUNTER_CS.SC_MULTI_CORE.MULTI_GEM_WELL_PROCESSOR.COUNT_GEM_WELL_PROCESSOR._BASIC_SC_RNA_COUNTER._MATRIX_COMPUTER.ALIGN_AND_COUNT.fork0.chnk12.main
2021-05-26 11:29:56 [runtime] (run:local)       ID.MN-DS-10X-2S-WT.SC_RNA_COUNTER_CS.SC_MULTI_CORE.MULTI_GEM_WELL_PROCESSOR.COUNT_GEM_WELL_PROCESSOR._BASIC_SC_RNA_COUNTER._MATRIX_COMPUTER.ALIGN_AND_COUNT.fork0.chnk13.main
2021-05-26 11:29:56 [runtime] (run:local)       ID.MN-DS-10X-2S-WT.SC_RNA_COUNTER_CS.SC_MULTI_CORE.MULTI_GEM_WELL_PROCESSOR.COUNT_GEM_WELL_PROCESSOR._BASIC_SC_RNA_COUNTER._MATRIX_COMPUTER.ALIGN_AND_COUNT.fork0.chnk14.main
2021-05-26 11:29:57 [runtime] (chunks_complete) ID.MN-DS-10X-2S-WT.SC_RNA_COUNTER_CS.SC_MULTI_CORE.MULTI_GEM_WELL_PROCESSOR.COUNT_GEM_WELL_PROCESSOR._BASIC_SC_RNA_COUNTER._MATRIX_COMPUTER.WRITE_BARCODE_INDEX
2021-05-26 11:35:56 [runtime] (update)          ID.MN-DS-10X-2S-WT.SC_RNA_COUNTER_CS.SC_MULTI_CORE.MULTI_GEM_WELL_PROCESSOR.COUNT_GEM_WELL_PROCESSOR._BASIC_SC_RNA_COUNTER._MATRIX_COMPUTER.ALIGN_AND_COUNT.fork0 chunks running (1/15 completed)
2021-05-26 11:41:27 [runtime] (update)          ID.MN-DS-10X-2S-WT.SC_RNA_COUNTER_CS.SC_MULTI_CORE.MULTI_GEM_WELL_PROCESSOR.COUNT_GEM_WELL_PROCESSOR._BASIC_SC_RNA_COUNTER._MATRIX_COMPUTER.ALIGN_AND_COUNT.fork0 chunks running (2/15 completed)
2021-05-26 11:46:34 [runtime] (update)          ID.MN-DS-10X-2S-WT.SC_RNA_COUNTER_CS.SC_MULTI_CORE.MULTI_GEM_WELL_PROCESSOR.COUNT_GEM_WELL_PROCESSOR._BASIC_SC_RNA_COUNTER._MATRIX_COMPUTER.ALIGN_AND_COUNT.fork0 chunks running (2/15 completed)
2021-05-26 11:52:32 [runtime] (update)          ID.MN-DS-10X-2S-WT.SC_RNA_COUNTER_CS.SC_MULTI_CORE.MULTI_GEM_WELL_PROCESSOR.COUNT_GEM_WELL_PROCESSOR._BASIC_SC_RNA_COUNTER._MATRIX_COMPUTER.ALIGN_AND_COUNT.fork0 chunks running (2/15 completed)
2021-05-26 11:58:56 [runtime] (update)          ID.MN-DS-10X-2S-WT.SC_RNA_COUNTER_CS.SC_MULTI_CORE.MULTI_GEM_WELL_PROCESSOR.COUNT_GEM_WELL_PROCESSOR._BASIC_SC_RNA_COUNTER._MATRIX_COMPUTER.ALIGN_AND_COUNT.fork0 chunks running (3/15 completed)
2021-05-26 12:03:57 [runtime] (update)          ID.MN-DS-10X-2S-WT.SC_RNA_COUNTER_CS.SC_MULTI_CORE.MULTI_GEM_WELL_PROCESSOR.COUNT_GEM_WELL_PROCESSOR._BASIC_SC_RNA_COUNTER._MATRIX_COMPUTER.ALIGN_AND_COUNT.fork0 chunks running (4/15 completed)
2021-05-26 12:09:58 [runtime] (update)          ID.MN-DS-10X-2S-WT.SC_RNA_COUNTER_CS.SC_MULTI_CORE.MULTI_GEM_WELL_PROCESSOR.COUNT_GEM_WELL_PROCESSOR._BASIC_SC_RNA_COUNTER._MATRIX_COMPUTER.ALIGN_AND_COUNT.fork0 chunks running (4/15 completed)
2021-05-26 12:15:17 [runtime] (update)          ID.MN-DS-10X-2S-WT.SC_RNA_COUNTER_CS.SC_MULTI_CORE.MULTI_GEM_WELL_PROCESSOR.COUNT_GEM_WELL_PROCESSOR._BASIC_SC_RNA_COUNTER._MATRIX_COMPUTER.ALIGN_AND_COUNT.fork0 chunks running (5/15 completed)
2021-05-26 12:21:06 [runtime] (update)          ID.MN-DS-10X-2S-WT.SC_RNA_COUNTER_CS.SC_MULTI_CORE.MULTI_GEM_WELL_PROCESSOR.COUNT_GEM_WELL_PROCESSOR._BASIC_SC_RNA_COUNTER._MATRIX_COMPUTER.ALIGN_AND_COUNT.fork0 chunks running (6/15 completed)
2021-05-26 12:26:54 [runtime] (update)          ID.MN-DS-10X-2S-WT.SC_RNA_COUNTER_CS.SC_MULTI_CORE.MULTI_GEM_WELL_PROCESSOR.COUNT_GEM_WELL_PROCESSOR._BASIC_SC_RNA_COUNTER._MATRIX_COMPUTER.ALIGN_AND_COUNT.fork0 chunks running (7/15 completed)
2021-05-26 12:32:55 [runtime] (update)          ID.MN-DS-10X-2S-WT.SC_RNA_COUNTER_CS.SC_MULTI_CORE.MULTI_GEM_WELL_PROCESSOR.COUNT_GEM_WELL_PROCESSOR._BASIC_SC_RNA_COUNTER._MATRIX_COMPUTER.ALIGN_AND_COUNT.fork0 chunks running (7/15 completed)
2021-05-26 12:38:50 [runtime] (update)          ID.MN-DS-10X-2S-WT.SC_RNA_COUNTER_CS.SC_MULTI_CORE.MULTI_GEM_WELL_PROCESSOR.COUNT_GEM_WELL_PROCESSOR._BASIC_SC_RNA_COUNTER._MATRIX_COMPUTER.ALIGN_AND_COUNT.fork0 chunks running (8/15 completed)
2021-05-26 12:44:52 [runtime] (update)          ID.MN-DS-10X-2S-WT.SC_RNA_COUNTER_CS.SC_MULTI_CORE.MULTI_GEM_WELL_PROCESSOR.COUNT_GEM_WELL_PROCESSOR._BASIC_SC_RNA_COUNTER._MATRIX_COMPUTER.ALIGN_AND_COUNT.fork0 chunks running (8/15 completed)
2021-05-26 12:50:04 [runtime] (update)          ID.MN-DS-10X-2S-WT.SC_RNA_COUNTER_CS.SC_MULTI_CORE.MULTI_GEM_WELL_PROCESSOR.COUNT_GEM_WELL_PROCESSOR._BASIC_SC_RNA_COUNTER._MATRIX_COMPUTER.ALIGN_AND_COUNT.fork0 chunks running (9/15 completed)
2021-05-26 12:56:06 [runtime] (update)          ID.MN-DS-10X-2S-WT.SC_RNA_COUNTER_CS.SC_MULTI_CORE.MULTI_GEM_WELL_PROCESSOR.COUNT_GEM_WELL_PROCESSOR._BASIC_SC_RNA_COUNTER._MATRIX_COMPUTER.ALIGN_AND_COUNT.fork0 chunks running (9/15 completed)
2021-05-26 13:02:06 [runtime] (update)          ID.MN-DS-10X-2S-WT.SC_RNA_COUNTER_CS.SC_MULTI_CORE.MULTI_GEM_WELL_PROCESSOR.COUNT_GEM_WELL_PROCESSOR._BASIC_SC_RNA_COUNTER._MATRIX_COMPUTER.ALIGN_AND_COUNT.fork0 chunks running (10/15 completed)
2021-05-26 13:07:23 [runtime] (update)          ID.MN-DS-10X-2S-WT.SC_RNA_COUNTER_CS.SC_MULTI_CORE.MULTI_GEM_WELL_PROCESSOR.COUNT_GEM_WELL_PROCESSOR._BASIC_SC_RNA_COUNTER._MATRIX_COMPUTER.ALIGN_AND_COUNT.fork0 chunks running (11/15 completed)
2021-05-26 13:13:24 [runtime] (update)          ID.MN-DS-10X-2S-WT.SC_RNA_COUNTER_CS.SC_MULTI_CORE.MULTI_GEM_WELL_PROCESSOR.COUNT_GEM_WELL_PROCESSOR._BASIC_SC_RNA_COUNTER._MATRIX_COMPUTER.ALIGN_AND_COUNT.fork0 chunks running (11/15 completed)
2021-05-26 13:19:04 [runtime] (update)          ID.MN-DS-10X-2S-WT.SC_RNA_COUNTER_CS.SC_MULTI_CORE.MULTI_GEM_WELL_PROCESSOR.COUNT_GEM_WELL_PROCESSOR._BASIC_SC_RNA_COUNTER._MATRIX_COMPUTER.ALIGN_AND_COUNT.fork0 chunks running (12/15 completed)
2021-05-26 13:25:03 [runtime] (update)          ID.MN-DS-10X-2S-WT.SC_RNA_COUNTER_CS.SC_MULTI_CORE.MULTI_GEM_WELL_PROCESSOR.COUNT_GEM_WELL_PROCESSOR._BASIC_SC_RNA_COUNTER._MATRIX_COMPUTER.ALIGN_AND_COUNT.fork0 chunks running (13/15 completed)
2021-05-26 13:31:04 [runtime] (update)          ID.MN-DS-10X-2S-WT.SC_RNA_COUNTER_CS.SC_MULTI_CORE.MULTI_GEM_WELL_PROCESSOR.COUNT_GEM_WELL_PROCESSOR._BASIC_SC_RNA_COUNTER._MATRIX_COMPUTER.ALIGN_AND_COUNT.fork0 chunks running (13/15 completed)
2021-05-26 13:37:57 [runtime] (update)          ID.MN-DS-10X-2S-WT.SC_RNA_COUNTER_CS.SC_MULTI_CORE.MULTI_GEM_WELL_PROCESSOR.COUNT_GEM_WELL_PROCESSOR._BASIC_SC_RNA_COUNTER._MATRIX_COMPUTER.ALIGN_AND_COUNT.fork0 chunks running (14/15 completed)
2021-05-26 13:43:58 [runtime] (update)          ID.MN-DS-10X-2S-WT.SC_RNA_COUNTER_CS.SC_MULTI_CORE.MULTI_GEM_WELL_PROCESSOR.COUNT_GEM_WELL_PROCESSOR._BASIC_SC_RNA_COUNTER._MATRIX_COMPUTER.ALIGN_AND_COUNT.fork0 chunks running (14/15 completed)
2021-05-26 13:49:57 [runtime] (update)          ID.MN-DS-10X-2S-WT.SC_RNA_COUNTER_CS.SC_MULTI_CORE.MULTI_GEM_WELL_PROCESSOR.COUNT_GEM_WELL_PROCESSOR._BASIC_SC_RNA_COUNTER._MATRIX_COMPUTER.ALIGN_AND_COUNT.fork0 chunks running (14/15 completed)
2021-05-26 13:55:58 [runtime] (update)          ID.MN-DS-10X-2S-WT.SC_RNA_COUNTER_CS.SC_MULTI_CORE.MULTI_GEM_WELL_PROCESSOR.COUNT_GEM_WELL_PROCESSOR._BASIC_SC_RNA_COUNTER._MATRIX_COMPUTER.ALIGN_AND_COUNT.fork0 chunks running (14/15 completed)
2021-05-26 13:56:41 [runtime] (chunks_complete) ID.MN-DS-10X-2S-WT.SC_RNA_COUNTER_CS.SC_MULTI_CORE.MULTI_GEM_WELL_PROCESSOR.COUNT_GEM_WELL_PROCESSOR._BASIC_SC_RNA_COUNTER._MATRIX_COMPUTER.ALIGN_AND_COUNT
2021-05-26 13:56:42 [runtime] (run:local)       ID.MN-DS-10X-2S-WT.SC_RNA_COUNTER_CS.SC_MULTI_CORE.MULTI_GEM_WELL_PROCESSOR.COUNT_GEM_WELL_PROCESSOR._BASIC_SC_RNA_COUNTER._MATRIX_COMPUTER.ALIGN_AND_COUNT.fork0.join
2021-05-26 13:56:46 [runtime] (join_complete)   ID.MN-DS-10X-2S-WT.SC_RNA_COUNTER_CS.SC_MULTI_CORE.MULTI_GEM_WELL_PROCESSOR.COUNT_GEM_WELL_PROCESSOR._BASIC_SC_RNA_COUNTER._MATRIX_COMPUTER.ALIGN_AND_COUNT
2021-05-26 13:56:46 [runtime] (ready)           ID.MN-DS-10X-2S-WT.SC_RNA_COUNTER_CS.SC_MULTI_CORE.MULTI_GEM_WELL_PROCESSOR.COUNT_GEM_WELL_PROCESSOR._BASIC_SC_RNA_COUNTER._MATRIX_COMPUTER.WRITE_MATRIX_MARKET
2021-05-26 13:56:46 [runtime] (run:local)       ID.MN-DS-10X-2S-WT.SC_RNA_COUNTER_CS.SC_MULTI_CORE.MULTI_GEM_WELL_PROCESSOR.COUNT_GEM_WELL_PROCESSOR._BASIC_SC_RNA_COUNTER._MATRIX_COMPUTER.WRITE_MATRIX_MARKET.fork0.chnk0.main
2021-05-26 13:56:46 [runtime] (ready)           ID.MN-DS-10X-2S-WT.SC_RNA_COUNTER_CS.SC_MULTI_CORE.MULTI_GEM_WELL_PROCESSOR.COUNT_GEM_WELL_PROCESSOR._BASIC_SC_RNA_COUNTER._MATRIX_COMPUTER.WRITE_BARCODE_SUMMARY
2021-05-26 13:56:46 [runtime] (run:local)       ID.MN-DS-10X-2S-WT.SC_RNA_COUNTER_CS.SC_MULTI_CORE.MULTI_GEM_WELL_PROCESSOR.COUNT_GEM_WELL_PROCESSOR._BASIC_SC_RNA_COUNTER._MATRIX_COMPUTER.WRITE_BARCODE_SUMMARY.fork0.chnk0.main
2021-05-26 13:56:46 [runtime] (ready)           ID.MN-DS-10X-2S-WT.SC_RNA_COUNTER_CS.SC_MULTI_CORE.MULTI_GEM_WELL_PROCESSOR.COUNT_GEM_WELL_PROCESSOR._BASIC_SC_RNA_COUNTER.WRITE_POS_BAM
2021-05-26 13:56:47 [runtime] (run:local)       ID.MN-DS-10X-2S-WT.SC_RNA_COUNTER_CS.SC_MULTI_CORE.MULTI_GEM_WELL_PROCESSOR.COUNT_GEM_WELL_PROCESSOR._BASIC_SC_RNA_COUNTER.WRITE_POS_BAM.fork0.split
2021-05-26 13:56:47 [runtime] (ready)           ID.MN-DS-10X-2S-WT.SC_RNA_COUNTER_CS.SC_MULTI_CORE.MULTI_GEM_WELL_PROCESSOR.COUNT_GEM_WELL_PROCESSOR._BASIC_SC_RNA_COUNTER._MATRIX_COMPUTER.WRITE_H5_MATRIX
2021-05-26 13:56:47 [runtime] (run:local)       ID.MN-DS-10X-2S-WT.SC_RNA_COUNTER_CS.SC_MULTI_CORE.MULTI_GEM_WELL_PROCESSOR.COUNT_GEM_WELL_PROCESSOR._BASIC_SC_RNA_COUNTER._MATRIX_COMPUTER.WRITE_H5_MATRIX.fork0.chnk0.main
2021-05-26 13:56:47 [runtime] (ready)           ID.MN-DS-10X-2S-WT.SC_RNA_COUNTER_CS.SC_MULTI_CORE.MULTI_GEM_WELL_PROCESSOR.COUNT_GEM_WELL_PROCESSOR._BASIC_SC_RNA_COUNTER._MATRIX_COMPUTER.COLLATE_METRICS
2021-05-26 13:56:47 [runtime] (run:local)       ID.MN-DS-10X-2S-WT.SC_RNA_COUNTER_CS.SC_MULTI_CORE.MULTI_GEM_WELL_PROCESSOR.COUNT_GEM_WELL_PROCESSOR._BASIC_SC_RNA_COUNTER._MATRIX_COMPUTER.COLLATE_METRICS.fork0.split
2021-05-26 13:56:48 [runtime] (split_complete)  ID.MN-DS-10X-2S-WT.SC_RNA_COUNTER_CS.SC_MULTI_CORE.MULTI_GEM_WELL_PROCESSOR.COUNT_GEM_WELL_PROCESSOR._BASIC_SC_RNA_COUNTER._MATRIX_COMPUTER.COLLATE_METRICS
2021-05-26 13:56:48 [runtime] (run:local)       ID.MN-DS-10X-2S-WT.SC_RNA_COUNTER_CS.SC_MULTI_CORE.MULTI_GEM_WELL_PROCESSOR.COUNT_GEM_WELL_PROCESSOR._BASIC_SC_RNA_COUNTER._MATRIX_COMPUTER.COLLATE_METRICS.fork0.chnk0.main
2021-05-26 13:56:49 [runtime] (split_complete)  ID.MN-DS-10X-2S-WT.SC_RNA_COUNTER_CS.SC_MULTI_CORE.MULTI_GEM_WELL_PROCESSOR.COUNT_GEM_WELL_PROCESSOR._BASIC_SC_RNA_COUNTER.WRITE_POS_BAM
2021-05-26 13:56:49 [runtime] (run:local)       ID.MN-DS-10X-2S-WT.SC_RNA_COUNTER_CS.SC_MULTI_CORE.MULTI_GEM_WELL_PROCESSOR.COUNT_GEM_WELL_PROCESSOR._BASIC_SC_RNA_COUNTER.WRITE_POS_BAM.fork0.chnk00.main
2021-05-26 13:56:49 [runtime] (run:local)       ID.MN-DS-10X-2S-WT.SC_RNA_COUNTER_CS.SC_MULTI_CORE.MULTI_GEM_WELL_PROCESSOR.COUNT_GEM_WELL_PROCESSOR._BASIC_SC_RNA_COUNTER.WRITE_POS_BAM.fork0.chnk01.main
2021-05-26 13:56:49 [runtime] (run:local)       ID.MN-DS-10X-2S-WT.SC_RNA_COUNTER_CS.SC_MULTI_CORE.MULTI_GEM_WELL_PROCESSOR.COUNT_GEM_WELL_PROCESSOR._BASIC_SC_RNA_COUNTER.WRITE_POS_BAM.fork0.chnk02.main
2021-05-26 13:56:49 [runtime] (run:local)       ID.MN-DS-10X-2S-WT.SC_RNA_COUNTER_CS.SC_MULTI_CORE.MULTI_GEM_WELL_PROCESSOR.COUNT_GEM_WELL_PROCESSOR._BASIC_SC_RNA_COUNTER.WRITE_POS_BAM.fork0.chnk03.main
2021-05-26 13:56:49 [runtime] (run:local)       ID.MN-DS-10X-2S-WT.SC_RNA_COUNTER_CS.SC_MULTI_CORE.MULTI_GEM_WELL_PROCESSOR.COUNT_GEM_WELL_PROCESSOR._BASIC_SC_RNA_COUNTER.WRITE_POS_BAM.fork0.chnk04.main
2021-05-26 13:56:49 [runtime] (run:local)       ID.MN-DS-10X-2S-WT.SC_RNA_COUNTER_CS.SC_MULTI_CORE.MULTI_GEM_WELL_PROCESSOR.COUNT_GEM_WELL_PROCESSOR._BASIC_SC_RNA_COUNTER.WRITE_POS_BAM.fork0.chnk05.main
2021-05-26 13:56:49 [runtime] (run:local)       ID.MN-DS-10X-2S-WT.SC_RNA_COUNTER_CS.SC_MULTI_CORE.MULTI_GEM_WELL_PROCESSOR.COUNT_GEM_WELL_PROCESSOR._BASIC_SC_RNA_COUNTER.WRITE_POS_BAM.fork0.chnk06.main
2021-05-26 13:56:49 [runtime] (run:local)       ID.MN-DS-10X-2S-WT.SC_RNA_COUNTER_CS.SC_MULTI_CORE.MULTI_GEM_WELL_PROCESSOR.COUNT_GEM_WELL_PROCESSOR._BASIC_SC_RNA_COUNTER.WRITE_POS_BAM.fork0.chnk07.main
2021-05-26 13:56:49 [runtime] (run:local)       ID.MN-DS-10X-2S-WT.SC_RNA_COUNTER_CS.SC_MULTI_CORE.MULTI_GEM_WELL_PROCESSOR.COUNT_GEM_WELL_PROCESSOR._BASIC_SC_RNA_COUNTER.WRITE_POS_BAM.fork0.chnk08.main
2021-05-26 13:56:49 [runtime] (run:local)       ID.MN-DS-10X-2S-WT.SC_RNA_COUNTER_CS.SC_MULTI_CORE.MULTI_GEM_WELL_PROCESSOR.COUNT_GEM_WELL_PROCESSOR._BASIC_SC_RNA_COUNTER.WRITE_POS_BAM.fork0.chnk09.main
2021-05-26 13:56:49 [runtime] (run:local)       ID.MN-DS-10X-2S-WT.SC_RNA_COUNTER_CS.SC_MULTI_CORE.MULTI_GEM_WELL_PROCESSOR.COUNT_GEM_WELL_PROCESSOR._BASIC_SC_RNA_COUNTER.WRITE_POS_BAM.fork0.chnk10.main
2021-05-26 13:56:49 [runtime] (run:local)       ID.MN-DS-10X-2S-WT.SC_RNA_COUNTER_CS.SC_MULTI_CORE.MULTI_GEM_WELL_PROCESSOR.COUNT_GEM_WELL_PROCESSOR._BASIC_SC_RNA_COUNTER.WRITE_POS_BAM.fork0.chnk11.main
2021-05-26 13:56:49 [runtime] (run:local)       ID.MN-DS-10X-2S-WT.SC_RNA_COUNTER_CS.SC_MULTI_CORE.MULTI_GEM_WELL_PROCESSOR.COUNT_GEM_WELL_PROCESSOR._BASIC_SC_RNA_COUNTER.WRITE_POS_BAM.fork0.chnk12.main
2021-05-26 13:56:49 [runtime] (run:local)       ID.MN-DS-10X-2S-WT.SC_RNA_COUNTER_CS.SC_MULTI_CORE.MULTI_GEM_WELL_PROCESSOR.COUNT_GEM_WELL_PROCESSOR._BASIC_SC_RNA_COUNTER.WRITE_POS_BAM.fork0.chnk13.main
2021-05-26 13:56:49 [runtime] (run:local)       ID.MN-DS-10X-2S-WT.SC_RNA_COUNTER_CS.SC_MULTI_CORE.MULTI_GEM_WELL_PROCESSOR.COUNT_GEM_WELL_PROCESSOR._BASIC_SC_RNA_COUNTER.WRITE_POS_BAM.fork0.chnk14.main
2021-05-26 13:57:15 [runtime] (chunks_complete) ID.MN-DS-10X-2S-WT.SC_RNA_COUNTER_CS.SC_MULTI_CORE.MULTI_GEM_WELL_PROCESSOR.COUNT_GEM_WELL_PROCESSOR._BASIC_SC_RNA_COUNTER._MATRIX_COMPUTER.COLLATE_METRICS
2021-05-26 13:57:15 [runtime] (run:local)       ID.MN-DS-10X-2S-WT.SC_RNA_COUNTER_CS.SC_MULTI_CORE.MULTI_GEM_WELL_PROCESSOR.COUNT_GEM_WELL_PROCESSOR._BASIC_SC_RNA_COUNTER._MATRIX_COMPUTER.COLLATE_METRICS.fork0.join
2021-05-26 13:57:19 [runtime] (chunks_complete) ID.MN-DS-10X-2S-WT.SC_RNA_COUNTER_CS.SC_MULTI_CORE.MULTI_GEM_WELL_PROCESSOR.COUNT_GEM_WELL_PROCESSOR._BASIC_SC_RNA_COUNTER._MATRIX_COMPUTER.WRITE_H5_MATRIX
2021-05-26 13:57:19 [runtime] (ready)           ID.MN-DS-10X-2S-WT.SC_RNA_COUNTER_CS.SC_MULTI_CORE.MULTI_GEM_WELL_PROCESSOR.COUNT_GEM_WELL_PROCESSOR._BASIC_SC_RNA_COUNTER.FILTER_BARCODES
2021-05-26 13:57:19 [runtime] (run:local)       ID.MN-DS-10X-2S-WT.SC_RNA_COUNTER_CS.SC_MULTI_CORE.MULTI_GEM_WELL_PROCESSOR.COUNT_GEM_WELL_PROCESSOR._BASIC_SC_RNA_COUNTER.FILTER_BARCODES.fork0.split
2021-05-26 13:57:28 [runtime] (chunks_complete) ID.MN-DS-10X-2S-WT.SC_RNA_COUNTER_CS.SC_MULTI_CORE.MULTI_GEM_WELL_PROCESSOR.COUNT_GEM_WELL_PROCESSOR._BASIC_SC_RNA_COUNTER._MATRIX_COMPUTER.WRITE_MATRIX_MARKET
2021-05-26 14:01:45 [runtime] (chunks_complete) ID.MN-DS-10X-2S-WT.SC_RNA_COUNTER_CS.SC_MULTI_CORE.MULTI_GEM_WELL_PROCESSOR.COUNT_GEM_WELL_PROCESSOR._BASIC_SC_RNA_COUNTER._MATRIX_COMPUTER.WRITE_BARCODE_SUMMARY
2021-05-26 14:02:01 [runtime] (update)          ID.MN-DS-10X-2S-WT.SC_RNA_COUNTER_CS.SC_MULTI_CORE.MULTI_GEM_WELL_PROCESSOR.COUNT_GEM_WELL_PROCESSOR._BASIC_SC_RNA_COUNTER.WRITE_POS_BAM.fork0 chunks running (1/15 completed)
2021-05-26 14:06:47 [runtime] (join_complete)   ID.MN-DS-10X-2S-WT.SC_RNA_COUNTER_CS.SC_MULTI_CORE.MULTI_GEM_WELL_PROCESSOR.COUNT_GEM_WELL_PROCESSOR._BASIC_SC_RNA_COUNTER._MATRIX_COMPUTER.COLLATE_METRICS
2021-05-26 14:06:47 [runtime] (update)          ID.MN-DS-10X-2S-WT.SC_RNA_COUNTER_CS.SC_MULTI_CORE.MULTI_GEM_WELL_PROCESSOR.COUNT_GEM_WELL_PROCESSOR._BASIC_SC_RNA_COUNTER.FILTER_BARCODES.fork0 split_running
2021-05-26 14:06:47 [runtime] (ready)           ID.MN-DS-10X-2S-WT.SC_RNA_COUNTER_CS.SC_MULTI_CORE.MULTI_GEM_WELL_PROCESSOR.COUNT_GEM_WELL_PROCESSOR._BASIC_SC_RNA_COUNTER._MATRIX_COMPUTER.MERGE_METRICS
2021-05-26 14:06:47 [runtime] (run:local)       ID.MN-DS-10X-2S-WT.SC_RNA_COUNTER_CS.SC_MULTI_CORE.MULTI_GEM_WELL_PROCESSOR.COUNT_GEM_WELL_PROCESSOR._BASIC_SC_RNA_COUNTER._MATRIX_COMPUTER.MERGE_METRICS.fork0.chnk0.main
2021-05-26 14:06:47 [runtime] (chunks_complete) ID.MN-DS-10X-2S-WT.SC_RNA_COUNTER_CS.SC_MULTI_CORE.MULTI_GEM_WELL_PROCESSOR.COUNT_GEM_WELL_PROCESSOR._BASIC_SC_RNA_COUNTER._MATRIX_COMPUTER.MERGE_METRICS
2021-05-26 14:07:10 [runtime] (split_complete)  ID.MN-DS-10X-2S-WT.SC_RNA_COUNTER_CS.SC_MULTI_CORE.MULTI_GEM_WELL_PROCESSOR.COUNT_GEM_WELL_PROCESSOR._BASIC_SC_RNA_COUNTER.FILTER_BARCODES
2021-05-26 14:07:10 [runtime] (run:local)       ID.MN-DS-10X-2S-WT.SC_RNA_COUNTER_CS.SC_MULTI_CORE.MULTI_GEM_WELL_PROCESSOR.COUNT_GEM_WELL_PROCESSOR._BASIC_SC_RNA_COUNTER.FILTER_BARCODES.fork0.join
2021-05-26 14:07:16 [runtime] (update)          ID.MN-DS-10X-2S-WT.SC_RNA_COUNTER_CS.SC_MULTI_CORE.MULTI_GEM_WELL_PROCESSOR.COUNT_GEM_WELL_PROCESSOR._BASIC_SC_RNA_COUNTER.WRITE_POS_BAM.fork0 chunks running (3/15 completed)
2021-05-26 14:11:59 [runtime] (chunks_complete) ID.MN-DS-10X-2S-WT.SC_RNA_COUNTER_CS.SC_MULTI_CORE.MULTI_GEM_WELL_PROCESSOR.COUNT_GEM_WELL_PROCESSOR._BASIC_SC_RNA_COUNTER.WRITE_POS_BAM
2021-05-26 14:11:59 [runtime] (run:local)       ID.MN-DS-10X-2S-WT.SC_RNA_COUNTER_CS.SC_MULTI_CORE.MULTI_GEM_WELL_PROCESSOR.COUNT_GEM_WELL_PROCESSOR._BASIC_SC_RNA_COUNTER.WRITE_POS_BAM.fork0.join
2021-05-26 14:12:56 [runtime] (join_complete)   ID.MN-DS-10X-2S-WT.SC_RNA_COUNTER_CS.SC_MULTI_CORE.MULTI_GEM_WELL_PROCESSOR.COUNT_GEM_WELL_PROCESSOR._BASIC_SC_RNA_COUNTER.WRITE_POS_BAM
2021-05-26 14:13:11 [runtime] (update)          ID.MN-DS-10X-2S-WT.SC_RNA_COUNTER_CS.SC_MULTI_CORE.MULTI_GEM_WELL_PROCESSOR.COUNT_GEM_WELL_PROCESSOR._BASIC_SC_RNA_COUNTER.FILTER_BARCODES.fork0 join_running
2021-05-26 14:16:38 [runtime] (join_complete)   ID.MN-DS-10X-2S-WT.SC_RNA_COUNTER_CS.SC_MULTI_CORE.MULTI_GEM_WELL_PROCESSOR.COUNT_GEM_WELL_PROCESSOR._BASIC_SC_RNA_COUNTER.FILTER_BARCODES
2021-05-26 14:16:39 [runtime] (ready)           ID.MN-DS-10X-2S-WT.SC_RNA_COUNTER_CS.SC_MULTI_CORE.MULTI_GEM_WELL_PROCESSOR.VDJ_B_GEM_WELL_PROCESSOR.SC_VDJ_CONTIG_ASSEMBLER.HANDLE_GEX_CELLS
2021-05-26 14:16:39 [runtime] (ready)           ID.MN-DS-10X-2S-WT.SC_RNA_COUNTER_CS.SC_MULTI_CORE.MULTI_GEM_WELL_PROCESSOR.COUNT_GEM_WELL_PROCESSOR._BASIC_SC_RNA_COUNTER._ASSIGN_TAGS.CALL_TAGS_MARGINAL
2021-05-26 14:16:39 [runtime] (run:local)       ID.MN-DS-10X-2S-WT.SC_RNA_COUNTER_CS.SC_MULTI_CORE.MULTI_GEM_WELL_PROCESSOR.COUNT_GEM_WELL_PROCESSOR._BASIC_SC_RNA_COUNTER._ASSIGN_TAGS.CALL_TAGS_MARGINAL.fork0.split
2021-05-26 14:16:39 [runtime] (ready)           ID.MN-DS-10X-2S-WT.SC_RNA_COUNTER_CS.SC_MULTI_CORE.MULTI_GEM_WELL_PROCESSOR.VDJ_T_GEM_WELL_PROCESSOR.SC_VDJ_CONTIG_ASSEMBLER.HANDLE_GEX_CELLS
2021-05-26 14:16:39 [runtime] (ready)           ID.MN-DS-10X-2S-WT.SC_RNA_COUNTER_CS.SC_MULTI_CORE.MULTI_GEM_WELL_PROCESSOR.COUNT_GEM_WELL_PROCESSOR._BASIC_SC_RNA_COUNTER._CELLS_REPORTER.WRITE_MOLECULE_INFO
2021-05-26 14:16:39 [runtime] (run:local)       ID.MN-DS-10X-2S-WT.SC_RNA_COUNTER_CS.SC_MULTI_CORE.MULTI_GEM_WELL_PROCESSOR.COUNT_GEM_WELL_PROCESSOR._BASIC_SC_RNA_COUNTER._CELLS_REPORTER.WRITE_MOLECULE_INFO.fork0.chnk0.main
2021-05-26 14:16:40 [runtime] (ready)           ID.MN-DS-10X-2S-WT.SC_RNA_COUNTER_CS.SC_MULTI_CORE.VDJ_T_CLONOTYPE_ASSIGNER.CLONOTYPE_ASSIGNER.RUN_ENCLONE
2021-05-26 14:16:40 [runtime] (ready)           ID.MN-DS-10X-2S-WT.SC_RNA_COUNTER_CS.SC_MULTI_CORE.VDJ_B_CLONOTYPE_ASSIGNER.CLONOTYPE_ASSIGNER.RUN_ENCLONE
2021-05-26 14:16:40 [runtime] (ready)           ID.MN-DS-10X-2S-WT.SC_RNA_COUNTER_CS.SC_MULTI_CORE.VDJ_B_CLONOTYPE_ASSIGNER.CLONOTYPE_ASSIGNER.WRITE_CONSENSUS_TXT
2021-05-26 14:16:40 [runtime] (ready)           ID.MN-DS-10X-2S-WT.SC_RNA_COUNTER_CS.SC_MULTI_CORE.VDJ_T_CLONOTYPE_ASSIGNER.CLONOTYPE_ASSIGNER.WRITE_CONSENSUS_TXT
2021-05-26 14:16:40 [runtime] (ready)           ID.MN-DS-10X-2S-WT.SC_RNA_COUNTER_CS.SC_MULTI_CORE.VDJ_B_CLONOTYPE_ASSIGNER.CLONOTYPE_ASSIGNER.FILL_CLONOTYPE_INFO
2021-05-26 14:16:40 [runtime] (ready)           ID.MN-DS-10X-2S-WT.SC_RNA_COUNTER_CS.SC_MULTI_CORE.VDJ_T_CLONOTYPE_ASSIGNER.CLONOTYPE_ASSIGNER.WRITE_CLONOTYPE_OUTS
2021-05-26 14:16:41 [runtime] (ready)           ID.MN-DS-10X-2S-WT.SC_RNA_COUNTER_CS.SC_MULTI_CORE.MULTI_REPORTER.VDJ_T_REPORTER.VLOUPE_PREPROCESS
2021-05-26 14:16:41 [runtime] (ready)           ID.MN-DS-10X-2S-WT.SC_RNA_COUNTER_CS.SC_MULTI_CORE.VDJ_B_CLONOTYPE_ASSIGNER.CLONOTYPE_ASSIGNER.WRITE_CLONOTYPE_OUTS
2021-05-26 14:16:41 [runtime] (ready)           ID.MN-DS-10X-2S-WT.SC_RNA_COUNTER_CS.SC_MULTI_CORE.VDJ_B_CLONOTYPE_ASSIGNER.CLONOTYPE_ASSIGNER.WRITE_ANN_CSV
2021-05-26 14:16:41 [runtime] (ready)           ID.MN-DS-10X-2S-WT.SC_RNA_COUNTER_CS.SC_MULTI_CORE.VDJ_B_CLONOTYPE_ASSIGNER.HANDLE_NO_VDJ_REF
2021-05-26 14:16:41 [runtime] (ready)           ID.MN-DS-10X-2S-WT.SC_RNA_COUNTER_CS.SC_MULTI_CORE.MULTI_REPORTER.VDJ_B_REPORTER.VLOUPE_PREPROCESS
2021-05-26 14:16:41 [runtime] (ready)           ID.MN-DS-10X-2S-WT.SC_RNA_COUNTER_CS.SC_MULTI_CORE.VDJ_B_CLONOTYPE_ASSIGNER.CLONOTYPE_ASSIGNER.WRITE_CONSENSUS_BAM
2021-05-26 14:16:41 [runtime] (ready)           ID.MN-DS-10X-2S-WT.SC_RNA_COUNTER_CS.SC_MULTI_CORE.COPY_VDJ_REFERENCE
2021-05-26 14:16:41 [runtime] (ready)           ID.MN-DS-10X-2S-WT.SC_RNA_COUNTER_CS.SC_MULTI_CORE.VDJ_T_CLONOTYPE_ASSIGNER.CLONOTYPE_ASSIGNER.FILL_CLONOTYPE_INFO
2021-05-26 14:16:41 [runtime] (ready)           ID.MN-DS-10X-2S-WT.SC_RNA_COUNTER_CS.SC_MULTI_CORE.MULTI_REPORTER.VDJ_B_REPORTER.WRITE_CONTIG_OUTS
2021-05-26 14:16:41 [runtime] (ready)           ID.MN-DS-10X-2S-WT.SC_RNA_COUNTER_CS.SC_MULTI_CORE.VDJ_B_CLONOTYPE_ASSIGNER.CLONOTYPE_ASSIGNER.WRITE_CONCAT_REF_OUTS
2021-05-26 14:16:41 [runtime] (ready)           ID.MN-DS-10X-2S-WT.SC_RNA_COUNTER_CS.SC_MULTI_CORE.VDJ_T_CLONOTYPE_ASSIGNER.HANDLE_NO_VDJ_REF
2021-05-26 14:16:41 [runtime] (ready)           ID.MN-DS-10X-2S-WT.SC_RNA_COUNTER_CS.SC_MULTI_CORE.VDJ_T_CLONOTYPE_ASSIGNER.CLONOTYPE_ASSIGNER.WRITE_CONSENSUS_BAM
2021-05-26 14:16:41 [runtime] (ready)           ID.MN-DS-10X-2S-WT.SC_RNA_COUNTER_CS.SC_MULTI_CORE.VDJ_T_CLONOTYPE_ASSIGNER.CLONOTYPE_ASSIGNER.WRITE_CONCAT_REF_OUTS
2021-05-26 14:16:41 [runtime] (ready)           ID.MN-DS-10X-2S-WT.SC_RNA_COUNTER_CS.SC_MULTI_CORE.VDJ_T_CLONOTYPE_ASSIGNER.CLONOTYPE_ASSIGNER.WRITE_ANN_CSV
2021-05-26 14:16:41 [runtime] (ready)           ID.MN-DS-10X-2S-WT.SC_RNA_COUNTER_CS.SC_MULTI_CORE.MULTI_REPORTER.VDJ_B_REPORTER.REPORT_CONTIGS
2021-05-26 14:16:41 [runtime] (ready)           ID.MN-DS-10X-2S-WT.SC_RNA_COUNTER_CS.SC_MULTI_CORE.VDJ_B_CLONOTYPE_ASSIGNER.CLONOTYPE_ASSIGNER.CREATE_AIRR_TSV
2021-05-26 14:16:41 [runtime] (ready)           ID.MN-DS-10X-2S-WT.SC_RNA_COUNTER_CS.SC_MULTI_CORE.MULTI_REPORTER.VDJ_T_REPORTER.WRITE_CONTIG_OUTS
2021-05-26 14:16:41 [runtime] (ready)           ID.MN-DS-10X-2S-WT.SC_RNA_COUNTER_CS.SC_MULTI_CORE.MULTI_REPORTER.VDJ_B_REPORTER.SUMMARIZE_VDJ_REPORTS
2021-05-26 14:16:41 [runtime] (ready)           ID.MN-DS-10X-2S-WT.SC_RNA_COUNTER_CS.SC_MULTI_CORE.VDJ_T_CLONOTYPE_ASSIGNER.CLONOTYPE_ASSIGNER.CREATE_AIRR_TSV
2021-05-26 14:16:41 [runtime] (ready)           ID.MN-DS-10X-2S-WT.SC_RNA_COUNTER_CS.SC_MULTI_CORE.MULTI_REPORTER.VDJ_T_REPORTER.REPORT_CONTIGS
2021-05-26 14:16:41 [runtime] (ready)           ID.MN-DS-10X-2S-WT.SC_RNA_COUNTER_CS.SC_MULTI_CORE.MULTI_REPORTER.VDJ_B_REPORTER.WRITE_CONTIG_PROTO
2021-05-26 14:16:41 [runtime] (ready)           ID.MN-DS-10X-2S-WT.SC_RNA_COUNTER_CS.SC_MULTI_CORE.MULTI_REPORTER.VDJ_T_REPORTER.SUMMARIZE_VDJ_REPORTS
2021-05-26 14:16:41 [runtime] (ready)           ID.MN-DS-10X-2S-WT.SC_RNA_COUNTER_CS.SC_MULTI_CORE.MULTI_REPORTER.VDJ_T_REPORTER.WRITE_CONTIG_PROTO
2021-05-26 14:16:54 [runtime] (split_complete)  ID.MN-DS-10X-2S-WT.SC_RNA_COUNTER_CS.SC_MULTI_CORE.MULTI_GEM_WELL_PROCESSOR.COUNT_GEM_WELL_PROCESSOR._BASIC_SC_RNA_COUNTER._ASSIGN_TAGS.CALL_TAGS_MARGINAL
2021-05-26 14:16:54 [runtime] (run:local)       ID.MN-DS-10X-2S-WT.SC_RNA_COUNTER_CS.SC_MULTI_CORE.MULTI_GEM_WELL_PROCESSOR.COUNT_GEM_WELL_PROCESSOR._BASIC_SC_RNA_COUNTER._ASSIGN_TAGS.CALL_TAGS_MARGINAL.fork0.join
2021-05-26 14:17:00 [runtime] (join_complete)   ID.MN-DS-10X-2S-WT.SC_RNA_COUNTER_CS.SC_MULTI_CORE.MULTI_GEM_WELL_PROCESSOR.COUNT_GEM_WELL_PROCESSOR._BASIC_SC_RNA_COUNTER._ASSIGN_TAGS.CALL_TAGS_MARGINAL
2021-05-26 14:21:09 [runtime] (chunks_complete) ID.MN-DS-10X-2S-WT.SC_RNA_COUNTER_CS.SC_MULTI_CORE.MULTI_GEM_WELL_PROCESSOR.COUNT_GEM_WELL_PROCESSOR._BASIC_SC_RNA_COUNTER._CELLS_REPORTER.WRITE_MOLECULE_INFO
2021-05-26 14:21:09 [runtime] (ready)           ID.MN-DS-10X-2S-WT.SC_RNA_COUNTER_CS.SC_MULTI_CORE.MULTI_GEM_WELL_PROCESSOR.COUNT_GEM_WELL_PROCESSOR._BASIC_SC_RNA_COUNTER._CELLS_REPORTER.SUBSAMPLE_READS
2021-05-26 14:21:09 [runtime] (run:local)       ID.MN-DS-10X-2S-WT.SC_RNA_COUNTER_CS.SC_MULTI_CORE.MULTI_GEM_WELL_PROCESSOR.COUNT_GEM_WELL_PROCESSOR._BASIC_SC_RNA_COUNTER._CELLS_REPORTER.SUBSAMPLE_READS.fork0.split
2021-05-26 14:21:09 [runtime] (ready)           ID.MN-DS-10X-2S-WT.SC_RNA_COUNTER_CS.SC_MULTI_CORE.MULTI_GEM_WELL_PROCESSOR.COUNT_GEM_WELL_PROCESSOR._BASIC_SC_RNA_COUNTER._ASSIGN_TAGS.CALL_TAGS_JIBES
2021-05-26 14:21:09 [runtime] (run:local)       ID.MN-DS-10X-2S-WT.SC_RNA_COUNTER_CS.SC_MULTI_CORE.MULTI_GEM_WELL_PROCESSOR.COUNT_GEM_WELL_PROCESSOR._BASIC_SC_RNA_COUNTER._ASSIGN_TAGS.CALL_TAGS_JIBES.fork0.split
2021-05-26 14:21:20 [runtime] (split_complete)  ID.MN-DS-10X-2S-WT.SC_RNA_COUNTER_CS.SC_MULTI_CORE.MULTI_GEM_WELL_PROCESSOR.COUNT_GEM_WELL_PROCESSOR._BASIC_SC_RNA_COUNTER._ASSIGN_TAGS.CALL_TAGS_JIBES
2021-05-26 14:21:20 [runtime] (run:local)       ID.MN-DS-10X-2S-WT.SC_RNA_COUNTER_CS.SC_MULTI_CORE.MULTI_GEM_WELL_PROCESSOR.COUNT_GEM_WELL_PROCESSOR._BASIC_SC_RNA_COUNTER._ASSIGN_TAGS.CALL_TAGS_JIBES.fork0.join
2021-05-26 14:21:23 [runtime] (split_complete)  ID.MN-DS-10X-2S-WT.SC_RNA_COUNTER_CS.SC_MULTI_CORE.MULTI_GEM_WELL_PROCESSOR.COUNT_GEM_WELL_PROCESSOR._BASIC_SC_RNA_COUNTER._CELLS_REPORTER.SUBSAMPLE_READS
2021-05-26 14:21:23 [runtime] (run:local)       ID.MN-DS-10X-2S-WT.SC_RNA_COUNTER_CS.SC_MULTI_CORE.MULTI_GEM_WELL_PROCESSOR.COUNT_GEM_WELL_PROCESSOR._BASIC_SC_RNA_COUNTER._CELLS_REPORTER.SUBSAMPLE_READS.fork0.chnk00.main
2021-05-26 14:21:23 [runtime] (run:local)       ID.MN-DS-10X-2S-WT.SC_RNA_COUNTER_CS.SC_MULTI_CORE.MULTI_GEM_WELL_PROCESSOR.COUNT_GEM_WELL_PROCESSOR._BASIC_SC_RNA_COUNTER._CELLS_REPORTER.SUBSAMPLE_READS.fork0.chnk01.main
2021-05-26 14:21:23 [runtime] (run:local)       ID.MN-DS-10X-2S-WT.SC_RNA_COUNTER_CS.SC_MULTI_CORE.MULTI_GEM_WELL_PROCESSOR.COUNT_GEM_WELL_PROCESSOR._BASIC_SC_RNA_COUNTER._CELLS_REPORTER.SUBSAMPLE_READS.fork0.chnk02.main
2021-05-26 14:21:23 [runtime] (run:local)       ID.MN-DS-10X-2S-WT.SC_RNA_COUNTER_CS.SC_MULTI_CORE.MULTI_GEM_WELL_PROCESSOR.COUNT_GEM_WELL_PROCESSOR._BASIC_SC_RNA_COUNTER._CELLS_REPORTER.SUBSAMPLE_READS.fork0.chnk03.main
2021-05-26 14:21:23 [runtime] (run:local)       ID.MN-DS-10X-2S-WT.SC_RNA_COUNTER_CS.SC_MULTI_CORE.MULTI_GEM_WELL_PROCESSOR.COUNT_GEM_WELL_PROCESSOR._BASIC_SC_RNA_COUNTER._CELLS_REPORTER.SUBSAMPLE_READS.fork0.chnk04.main
2021-05-26 14:21:23 [runtime] (run:local)       ID.MN-DS-10X-2S-WT.SC_RNA_COUNTER_CS.SC_MULTI_CORE.MULTI_GEM_WELL_PROCESSOR.COUNT_GEM_WELL_PROCESSOR._BASIC_SC_RNA_COUNTER._CELLS_REPORTER.SUBSAMPLE_READS.fork0.chnk05.main
2021-05-26 14:21:23 [runtime] (run:local)       ID.MN-DS-10X-2S-WT.SC_RNA_COUNTER_CS.SC_MULTI_CORE.MULTI_GEM_WELL_PROCESSOR.COUNT_GEM_WELL_PROCESSOR._BASIC_SC_RNA_COUNTER._CELLS_REPORTER.SUBSAMPLE_READS.fork0.chnk06.main
2021-05-26 14:21:23 [runtime] (run:local)       ID.MN-DS-10X-2S-WT.SC_RNA_COUNTER_CS.SC_MULTI_CORE.MULTI_GEM_WELL_PROCESSOR.COUNT_GEM_WELL_PROCESSOR._BASIC_SC_RNA_COUNTER._CELLS_REPORTER.SUBSAMPLE_READS.fork0.chnk07.main
2021-05-26 14:21:23 [runtime] (run:local)       ID.MN-DS-10X-2S-WT.SC_RNA_COUNTER_CS.SC_MULTI_CORE.MULTI_GEM_WELL_PROCESSOR.COUNT_GEM_WELL_PROCESSOR._BASIC_SC_RNA_COUNTER._CELLS_REPORTER.SUBSAMPLE_READS.fork0.chnk08.main
2021-05-26 14:21:23 [runtime] (run:local)       ID.MN-DS-10X-2S-WT.SC_RNA_COUNTER_CS.SC_MULTI_CORE.MULTI_GEM_WELL_PROCESSOR.COUNT_GEM_WELL_PROCESSOR._BASIC_SC_RNA_COUNTER._CELLS_REPORTER.SUBSAMPLE_READS.fork0.chnk09.main
2021-05-26 14:21:28 [runtime] (join_complete)   ID.MN-DS-10X-2S-WT.SC_RNA_COUNTER_CS.SC_MULTI_CORE.MULTI_GEM_WELL_PROCESSOR.COUNT_GEM_WELL_PROCESSOR._BASIC_SC_RNA_COUNTER._ASSIGN_TAGS.CALL_TAGS_JIBES
2021-05-26 14:21:28 [runtime] (ready)           ID.MN-DS-10X-2S-WT.SC_RNA_COUNTER_CS.SC_MULTI_CORE.MULTI_GEM_WELL_PROCESSOR.COUNT_GEM_WELL_PROCESSOR._BASIC_SC_RNA_COUNTER._ASSIGN_TAGS.DETERMINE_SAMPLE_ASSIGNMENTS
2021-05-26 14:21:28 [runtime] (run:local)       ID.MN-DS-10X-2S-WT.SC_RNA_COUNTER_CS.SC_MULTI_CORE.MULTI_GEM_WELL_PROCESSOR.COUNT_GEM_WELL_PROCESSOR._BASIC_SC_RNA_COUNTER._ASSIGN_TAGS.DETERMINE_SAMPLE_ASSIGNMENTS.fork0.chnk0.main
2021-05-26 14:21:28 [runtime] (ready)           ID.MN-DS-10X-2S-WT.SC_RNA_COUNTER_CS.SC_MULTI_CORE.MULTI_GEM_WELL_PROCESSOR.COUNT_GEM_WELL_PROCESSOR._BASIC_SC_RNA_COUNTER._ASSIGN_TAGS.SUMMARIZE_MULTIPLEXING_ANALYSIS
2021-05-26 14:21:28 [runtime] (run:local)       ID.MN-DS-10X-2S-WT.SC_RNA_COUNTER_CS.SC_MULTI_CORE.MULTI_GEM_WELL_PROCESSOR.COUNT_GEM_WELL_PROCESSOR._BASIC_SC_RNA_COUNTER._ASSIGN_TAGS.SUMMARIZE_MULTIPLEXING_ANALYSIS.fork0.chnk0.main
2021-05-26 14:21:30 [runtime] (chunks_complete) ID.MN-DS-10X-2S-WT.SC_RNA_COUNTER_CS.SC_MULTI_CORE.MULTI_GEM_WELL_PROCESSOR.COUNT_GEM_WELL_PROCESSOR._BASIC_SC_RNA_COUNTER._ASSIGN_TAGS.DETERMINE_SAMPLE_ASSIGNMENTS
2021-05-26 14:21:30 [runtime] (ready)           ID.MN-DS-10X-2S-WT.SC_RNA_COUNTER_CS.SC_MULTI_CORE.MULTI_GEM_WELL_PROCESSOR.COUNT_GEM_WELL_PROCESSOR._BASIC_SC_RNA_COUNTER.MULTI_WRITE_PER_SAMPLE_MOLECULE_INFO
2021-05-26 14:21:30 [runtime] (ready)           ID.MN-DS-10X-2S-WT.SC_RNA_COUNTER_CS.SC_MULTI_CORE.MULTI_GEM_WELL_PROCESSOR.COUNT_GEM_WELL_PROCESSOR._BASIC_SC_RNA_COUNTER.MULTI_WRITE_PER_SAMPLE_MATRICES
2021-05-26 14:21:30 [runtime] (ready)           ID.MN-DS-10X-2S-WT.SC_RNA_COUNTER_CS.SC_MULTI_CORE.MULTI_GEM_WELL_PROCESSOR.COUNT_GEM_WELL_PROCESSOR._BASIC_SC_RNA_COUNTER.MULTI_WRITE_PER_SAMPLE_BAM
2021-05-26 14:21:30 [runtime] (ready)           ID.MN-DS-10X-2S-WT.SC_RNA_COUNTER_CS.SC_MULTI_CORE.MULTI_GEM_WELL_PROCESSOR.COUNT_GEM_WELL_PROCESSOR._BASIC_SC_RNA_COUNTER.MULTI_COLLATE_PER_SAMPLE_METRICS
2021-05-26 14:21:30 [runtime] (ready)           ID.MN-DS-10X-2S-WT.SC_RNA_COUNTER_CS.SC_MULTI_CORE.MULTI_GEM_WELL_PROCESSOR.COUNT_GEM_WELL_PROCESSOR._BASIC_SC_RNA_COUNTER._ASSIGN_TAGS.COMPUTE_EXTRA_MULTIPLEXING_METRICS
2021-05-26 14:21:30 [runtime] (run:local)       ID.MN-DS-10X-2S-WT.SC_RNA_COUNTER_CS.SC_MULTI_CORE.MULTI_GEM_WELL_PROCESSOR.COUNT_GEM_WELL_PROCESSOR._BASIC_SC_RNA_COUNTER._ASSIGN_TAGS.COMPUTE_EXTRA_MULTIPLEXING_METRICS.fork0.chnk0.main
2021-05-26 14:21:30 [runtime] (chunks_complete) ID.MN-DS-10X-2S-WT.SC_RNA_COUNTER_CS.SC_MULTI_CORE.MULTI_GEM_WELL_PROCESSOR.COUNT_GEM_WELL_PROCESSOR._BASIC_SC_RNA_COUNTER._ASSIGN_TAGS.SUMMARIZE_MULTIPLEXING_ANALYSIS
2021-05-26 14:21:30 [runtime] (ready)           ID.MN-DS-10X-2S-WT.SC_RNA_COUNTER_CS.SC_MULTI_CORE.STRUCTIFY_PER_SAMPLE_OUTS
2021-05-26 14:21:30 [runtime] (run:local)       ID.MN-DS-10X-2S-WT.SC_RNA_COUNTER_CS.SC_MULTI_CORE.STRUCTIFY_PER_SAMPLE_OUTS.fork0.chnk0.main
2021-05-26 14:21:30 [runtime] (chunks_complete) ID.MN-DS-10X-2S-WT.SC_RNA_COUNTER_CS.SC_MULTI_CORE.STRUCTIFY_PER_SAMPLE_OUTS
2021-05-26 14:21:30 [runtime] (ready)           ID.MN-DS-10X-2S-WT.SC_RNA_COUNTER_CS.SC_MULTI_CORE.DISABLE_FEATURE_STAGES
2021-05-26 14:21:30 [runtime] (run:local)       ID.MN-DS-10X-2S-WT.SC_RNA_COUNTER_CS.SC_MULTI_CORE.DISABLE_FEATURE_STAGES.fork0.chnk0.main
2021-05-26 14:21:30 [runtime] (chunks_complete) ID.MN-DS-10X-2S-WT.SC_RNA_COUNTER_CS.SC_MULTI_CORE.DISABLE_FEATURE_STAGES
2021-05-26 14:21:30 [runtime] (ready)           ID.MN-DS-10X-2S-WT.SC_RNA_COUNTER_CS.SC_MULTI_CORE.COUNT_ANALYZER.SC_RNA_ANALYZER.CHOOSE_DIMENSION_REDUCTION
2021-05-26 14:21:30 [runtime] (run:local)       ID.MN-DS-10X-2S-WT.SC_RNA_COUNTER_CS.SC_MULTI_CORE.COUNT_ANALYZER.SC_RNA_ANALYZER.CHOOSE_DIMENSION_REDUCTION.fork0.chnk0.main
2021-05-26 14:21:32 [runtime] (chunks_complete) ID.MN-DS-10X-2S-WT.SC_RNA_COUNTER_CS.SC_MULTI_CORE.MULTI_GEM_WELL_PROCESSOR.COUNT_GEM_WELL_PROCESSOR._BASIC_SC_RNA_COUNTER._ASSIGN_TAGS.COMPUTE_EXTRA_MULTIPLEXING_METRICS
2021-05-26 14:21:32 [runtime] (ready)           ID.MN-DS-10X-2S-WT.SC_RNA_COUNTER_CS.SC_MULTI_CORE.COUNT_ANALYZER.SC_RNA_ANALYZER.ANALYZER_PREFLIGHT
2021-05-26 14:21:32 [runtime] (run:local)       ID.MN-DS-10X-2S-WT.SC_RNA_COUNTER_CS.SC_MULTI_CORE.COUNT_ANALYZER.SC_RNA_ANALYZER.ANALYZER_PREFLIGHT.fork0.chnk0.main
2021-05-26 14:21:32 [runtime] (ready)           ID.MN-DS-10X-2S-WT.SC_RNA_COUNTER_CS.SC_MULTI_CORE.COUNT_ANALYZER._TARGETED_ANALYZER.SUBSAMPLE_OFF_TARGET_READS
2021-05-26 14:21:32 [runtime] (ready)           ID.MN-DS-10X-2S-WT.SC_RNA_COUNTER_CS.SC_MULTI_CORE.COUNT_ANALYZER._TARGETED_ANALYZER.SUBSAMPLE_ON_TARGET_READS
2021-05-26 14:21:33 [runtime] (ready)           ID.MN-DS-10X-2S-WT.SC_RNA_COUNTER_CS.SC_MULTI_CORE.MULTI_GEM_WELL_PROCESSOR.COUNT_GEM_WELL_PROCESSOR._BASIC_SC_RNA_COUNTER._ASSIGN_TAGS.MERGE_METRICS
2021-05-26 14:21:33 [runtime] (run:local)       ID.MN-DS-10X-2S-WT.SC_RNA_COUNTER_CS.SC_MULTI_CORE.MULTI_GEM_WELL_PROCESSOR.COUNT_GEM_WELL_PROCESSOR._BASIC_SC_RNA_COUNTER._ASSIGN_TAGS.MERGE_METRICS.fork0.chnk0.main
2021-05-26 14:21:33 [runtime] (chunks_complete) ID.MN-DS-10X-2S-WT.SC_RNA_COUNTER_CS.SC_MULTI_CORE.COUNT_ANALYZER.SC_RNA_ANALYZER.CHOOSE_DIMENSION_REDUCTION
2021-05-26 14:21:34 [runtime] (chunks_complete) ID.MN-DS-10X-2S-WT.SC_RNA_COUNTER_CS.SC_MULTI_CORE.MULTI_GEM_WELL_PROCESSOR.COUNT_GEM_WELL_PROCESSOR._BASIC_SC_RNA_COUNTER._ASSIGN_TAGS.MERGE_METRICS
2021-05-26 14:21:35 [runtime] (chunks_complete) ID.MN-DS-10X-2S-WT.SC_RNA_COUNTER_CS.SC_MULTI_CORE.COUNT_ANALYZER.SC_RNA_ANALYZER.ANALYZER_PREFLIGHT
2021-05-26 14:21:38 [runtime] (ready)           ID.MN-DS-10X-2S-WT.SC_RNA_COUNTER_CS.SC_MULTI_CORE.COUNT_ANALYZER.SC_RNA_ANALYZER.PREPROCESS_MATRIX
2021-05-26 14:21:38 [runtime] (run:local)       ID.MN-DS-10X-2S-WT.SC_RNA_COUNTER_CS.SC_MULTI_CORE.COUNT_ANALYZER.SC_RNA_ANALYZER.PREPROCESS_MATRIX.fork0.split
2021-05-26 14:21:40 [runtime] (split_complete)  ID.MN-DS-10X-2S-WT.SC_RNA_COUNTER_CS.SC_MULTI_CORE.COUNT_ANALYZER.SC_RNA_ANALYZER.PREPROCESS_MATRIX
2021-05-26 14:21:40 [runtime] (run:local)       ID.MN-DS-10X-2S-WT.SC_RNA_COUNTER_CS.SC_MULTI_CORE.COUNT_ANALYZER.SC_RNA_ANALYZER.PREPROCESS_MATRIX.fork0.join
2021-05-26 14:21:55 [runtime] (join_complete)   ID.MN-DS-10X-2S-WT.SC_RNA_COUNTER_CS.SC_MULTI_CORE.COUNT_ANALYZER.SC_RNA_ANALYZER.PREPROCESS_MATRIX
2021-05-26 14:22:02 [runtime] (ready)           ID.MN-DS-10X-2S-WT.SC_RNA_COUNTER_CS.SC_MULTI_CORE.COUNT_ANALYZER.SC_RNA_ANALYZER.RUN_MULTIGENOME_ANALYSIS
2021-05-26 14:22:03 [runtime] (run:local)       ID.MN-DS-10X-2S-WT.SC_RNA_COUNTER_CS.SC_MULTI_CORE.COUNT_ANALYZER.SC_RNA_ANALYZER.RUN_MULTIGENOME_ANALYSIS.fork0.split
2021-05-26 14:22:08 [runtime] (ready)           ID.MN-DS-10X-2S-WT.SC_RNA_COUNTER_CS.SC_MULTI_CORE.COUNT_ANALYZER.SC_RNA_ANALYZER.RUN_PCA
2021-05-26 14:22:08 [runtime] (run:local)       ID.MN-DS-10X-2S-WT.SC_RNA_COUNTER_CS.SC_MULTI_CORE.COUNT_ANALYZER.SC_RNA_ANALYZER.RUN_PCA.fork0.split
2021-05-26 14:22:08 [runtime] (ready)           ID.MN-DS-10X-2S-WT.SC_RNA_COUNTER_CS.SC_MULTI_CORE.COUNT_ANALYZER.SC_RNA_ANALYZER.RUN_FBPCA
2021-05-26 14:22:17 [runtime] (ready)           ID.MN-DS-10X-2S-WT.SC_RNA_COUNTER_CS.SC_MULTI_CORE.COUNT_ANALYZER.SC_RNA_ANALYZER.CORRECT_CHEMISTRY_BATCH
2021-05-26 14:22:19 [runtime] (split_complete)  ID.MN-DS-10X-2S-WT.SC_RNA_COUNTER_CS.SC_MULTI_CORE.COUNT_ANALYZER.SC_RNA_ANALYZER.RUN_MULTIGENOME_ANALYSIS
2021-05-26 14:22:20 [runtime] (run:local)       ID.MN-DS-10X-2S-WT.SC_RNA_COUNTER_CS.SC_MULTI_CORE.COUNT_ANALYZER.SC_RNA_ANALYZER.RUN_MULTIGENOME_ANALYSIS.fork0.join
2021-05-26 14:22:20 [runtime] (split_complete)  ID.MN-DS-10X-2S-WT.SC_RNA_COUNTER_CS.SC_MULTI_CORE.COUNT_ANALYZER.SC_RNA_ANALYZER.RUN_PCA
2021-05-26 14:22:20 [runtime] (run:local)       ID.MN-DS-10X-2S-WT.SC_RNA_COUNTER_CS.SC_MULTI_CORE.COUNT_ANALYZER.SC_RNA_ANALYZER.RUN_PCA.fork0.chnk0.main
2021-05-26 14:22:24 [runtime] (join_complete)   ID.MN-DS-10X-2S-WT.SC_RNA_COUNTER_CS.SC_MULTI_CORE.COUNT_ANALYZER.SC_RNA_ANALYZER.RUN_MULTIGENOME_ANALYSIS
2021-05-26 14:22:57 [runtime] (chunks_complete) ID.MN-DS-10X-2S-WT.SC_RNA_COUNTER_CS.SC_MULTI_CORE.COUNT_ANALYZER.SC_RNA_ANALYZER.RUN_PCA
2021-05-26 14:22:57 [runtime] (run:local)       ID.MN-DS-10X-2S-WT.SC_RNA_COUNTER_CS.SC_MULTI_CORE.COUNT_ANALYZER.SC_RNA_ANALYZER.RUN_PCA.fork0.join
2021-05-26 14:22:59 [runtime] (join_complete)   ID.MN-DS-10X-2S-WT.SC_RNA_COUNTER_CS.SC_MULTI_CORE.COUNT_ANALYZER.SC_RNA_ANALYZER.RUN_PCA
2021-05-26 14:22:59 [runtime] (ready)           ID.MN-DS-10X-2S-WT.SC_RNA_COUNTER_CS.SC_MULTI_CORE.COUNT_ANALYZER.SC_RNA_ANALYZER.CHOOSE_DIMENSION_REDUCTION_OUTPUT
2021-05-26 14:22:59 [runtime] (run:local)       ID.MN-DS-10X-2S-WT.SC_RNA_COUNTER_CS.SC_MULTI_CORE.COUNT_ANALYZER.SC_RNA_ANALYZER.CHOOSE_DIMENSION_REDUCTION_OUTPUT.fork0.chnk0.main
2021-05-26 14:23:00 [runtime] (chunks_complete) ID.MN-DS-10X-2S-WT.SC_RNA_COUNTER_CS.SC_MULTI_CORE.COUNT_ANALYZER.SC_RNA_ANALYZER.CHOOSE_DIMENSION_REDUCTION_OUTPUT
2021-05-26 14:23:01 [runtime] (ready)           ID.MN-DS-10X-2S-WT.SC_RNA_COUNTER_CS.SC_MULTI_CORE.COUNT_ANALYZER.SC_RNA_ANALYZER.RUN_GRAPH_CLUSTERING
2021-05-26 14:23:01 [runtime] (run:local)       ID.MN-DS-10X-2S-WT.SC_RNA_COUNTER_CS.SC_MULTI_CORE.COUNT_ANALYZER.SC_RNA_ANALYZER.RUN_GRAPH_CLUSTERING.fork0.split
2021-05-26 14:23:01 [runtime] (ready)           ID.MN-DS-10X-2S-WT.SC_RNA_COUNTER_CS.SC_MULTI_CORE.COUNT_ANALYZER.SC_RNA_ANALYZER.RUN_TSNE
2021-05-26 14:23:01 [runtime] (run:local)       ID.MN-DS-10X-2S-WT.SC_RNA_COUNTER_CS.SC_MULTI_CORE.COUNT_ANALYZER.SC_RNA_ANALYZER.RUN_TSNE.fork0.split
2021-05-26 14:23:01 [runtime] (ready)           ID.MN-DS-10X-2S-WT.SC_RNA_COUNTER_CS.SC_MULTI_CORE.COUNT_ANALYZER.SC_RNA_ANALYZER.RUN_KMEANS
2021-05-26 14:23:01 [runtime] (run:local)       ID.MN-DS-10X-2S-WT.SC_RNA_COUNTER_CS.SC_MULTI_CORE.COUNT_ANALYZER.SC_RNA_ANALYZER.RUN_KMEANS.fork0.split
2021-05-26 14:23:01 [runtime] (ready)           ID.MN-DS-10X-2S-WT.SC_RNA_COUNTER_CS.SC_MULTI_CORE.COUNT_ANALYZER.SC_RNA_ANALYZER.RUN_UMAP
2021-05-26 14:23:01 [runtime] (run:local)       ID.MN-DS-10X-2S-WT.SC_RNA_COUNTER_CS.SC_MULTI_CORE.COUNT_ANALYZER.SC_RNA_ANALYZER.RUN_UMAP.fork0.split
2021-05-26 14:23:04 [runtime] (split_complete)  ID.MN-DS-10X-2S-WT.SC_RNA_COUNTER_CS.SC_MULTI_CORE.COUNT_ANALYZER.SC_RNA_ANALYZER.RUN_GRAPH_CLUSTERING
2021-05-26 14:23:04 [runtime] (run:local)       ID.MN-DS-10X-2S-WT.SC_RNA_COUNTER_CS.SC_MULTI_CORE.COUNT_ANALYZER.SC_RNA_ANALYZER.RUN_GRAPH_CLUSTERING.fork0.chnk0.main
2021-05-26 14:23:04 [runtime] (split_complete)  ID.MN-DS-10X-2S-WT.SC_RNA_COUNTER_CS.SC_MULTI_CORE.COUNT_ANALYZER.SC_RNA_ANALYZER.RUN_KMEANS
2021-05-26 14:23:04 [runtime] (run:local)       ID.MN-DS-10X-2S-WT.SC_RNA_COUNTER_CS.SC_MULTI_CORE.COUNT_ANALYZER.SC_RNA_ANALYZER.RUN_KMEANS.fork0.chnk0.main
2021-05-26 14:23:04 [runtime] (run:local)       ID.MN-DS-10X-2S-WT.SC_RNA_COUNTER_CS.SC_MULTI_CORE.COUNT_ANALYZER.SC_RNA_ANALYZER.RUN_KMEANS.fork0.chnk1.main
2021-05-26 14:23:04 [runtime] (run:local)       ID.MN-DS-10X-2S-WT.SC_RNA_COUNTER_CS.SC_MULTI_CORE.COUNT_ANALYZER.SC_RNA_ANALYZER.RUN_KMEANS.fork0.chnk2.main
2021-05-26 14:23:04 [runtime] (run:local)       ID.MN-DS-10X-2S-WT.SC_RNA_COUNTER_CS.SC_MULTI_CORE.COUNT_ANALYZER.SC_RNA_ANALYZER.RUN_KMEANS.fork0.chnk3.main
2021-05-26 14:23:04 [runtime] (run:local)       ID.MN-DS-10X-2S-WT.SC_RNA_COUNTER_CS.SC_MULTI_CORE.COUNT_ANALYZER.SC_RNA_ANALYZER.RUN_KMEANS.fork0.chnk4.main
2021-05-26 14:23:04 [runtime] (run:local)       ID.MN-DS-10X-2S-WT.SC_RNA_COUNTER_CS.SC_MULTI_CORE.COUNT_ANALYZER.SC_RNA_ANALYZER.RUN_KMEANS.fork0.chnk5.main
2021-05-26 14:23:04 [runtime] (run:local)       ID.MN-DS-10X-2S-WT.SC_RNA_COUNTER_CS.SC_MULTI_CORE.COUNT_ANALYZER.SC_RNA_ANALYZER.RUN_KMEANS.fork0.chnk6.main
2021-05-26 14:23:04 [runtime] (run:local)       ID.MN-DS-10X-2S-WT.SC_RNA_COUNTER_CS.SC_MULTI_CORE.COUNT_ANALYZER.SC_RNA_ANALYZER.RUN_KMEANS.fork0.chnk7.main
2021-05-26 14:23:04 [runtime] (run:local)       ID.MN-DS-10X-2S-WT.SC_RNA_COUNTER_CS.SC_MULTI_CORE.COUNT_ANALYZER.SC_RNA_ANALYZER.RUN_KMEANS.fork0.chnk8.main
2021-05-26 14:23:05 [runtime] (split_complete)  ID.MN-DS-10X-2S-WT.SC_RNA_COUNTER_CS.SC_MULTI_CORE.COUNT_ANALYZER.SC_RNA_ANALYZER.RUN_TSNE
2021-05-26 14:23:05 [runtime] (run:local)       ID.MN-DS-10X-2S-WT.SC_RNA_COUNTER_CS.SC_MULTI_CORE.COUNT_ANALYZER.SC_RNA_ANALYZER.RUN_TSNE.fork0.chnk0.main
2021-05-26 14:23:08 [runtime] (split_complete)  ID.MN-DS-10X-2S-WT.SC_RNA_COUNTER_CS.SC_MULTI_CORE.COUNT_ANALYZER.SC_RNA_ANALYZER.RUN_UMAP
2021-05-26 14:23:08 [runtime] (run:local)       ID.MN-DS-10X-2S-WT.SC_RNA_COUNTER_CS.SC_MULTI_CORE.COUNT_ANALYZER.SC_RNA_ANALYZER.RUN_UMAP.fork0.chnk0.main
2021-05-26 14:23:10 [runtime] (chunks_complete) ID.MN-DS-10X-2S-WT.SC_RNA_COUNTER_CS.SC_MULTI_CORE.COUNT_ANALYZER.SC_RNA_ANALYZER.RUN_GRAPH_CLUSTERING
2021-05-26 14:23:10 [runtime] (run:local)       ID.MN-DS-10X-2S-WT.SC_RNA_COUNTER_CS.SC_MULTI_CORE.COUNT_ANALYZER.SC_RNA_ANALYZER.RUN_GRAPH_CLUSTERING.fork0.join
2021-05-26 14:23:13 [runtime] (chunks_complete) ID.MN-DS-10X-2S-WT.SC_RNA_COUNTER_CS.SC_MULTI_CORE.COUNT_ANALYZER.SC_RNA_ANALYZER.RUN_KMEANS
2021-05-26 14:23:13 [runtime] (run:local)       ID.MN-DS-10X-2S-WT.SC_RNA_COUNTER_CS.SC_MULTI_CORE.COUNT_ANALYZER.SC_RNA_ANALYZER.RUN_KMEANS.fork0.join
2021-05-26 14:23:17 [runtime] (join_complete)   ID.MN-DS-10X-2S-WT.SC_RNA_COUNTER_CS.SC_MULTI_CORE.COUNT_ANALYZER.SC_RNA_ANALYZER.RUN_KMEANS
2021-05-26 14:23:22 [runtime] (join_complete)   ID.MN-DS-10X-2S-WT.SC_RNA_COUNTER_CS.SC_MULTI_CORE.COUNT_ANALYZER.SC_RNA_ANALYZER.RUN_GRAPH_CLUSTERING
2021-05-26 14:23:23 [runtime] (ready)           ID.MN-DS-10X-2S-WT.SC_RNA_COUNTER_CS.SC_MULTI_CORE.COUNT_ANALYZER.SC_RNA_ANALYZER.MERGE_CLUSTERS
2021-05-26 14:23:23 [runtime] (run:local)       ID.MN-DS-10X-2S-WT.SC_RNA_COUNTER_CS.SC_MULTI_CORE.COUNT_ANALYZER.SC_RNA_ANALYZER.MERGE_CLUSTERS.fork0.split
2021-05-26 14:23:27 [runtime] (split_complete)  ID.MN-DS-10X-2S-WT.SC_RNA_COUNTER_CS.SC_MULTI_CORE.COUNT_ANALYZER.SC_RNA_ANALYZER.MERGE_CLUSTERS
2021-05-26 14:23:27 [runtime] (run:local)       ID.MN-DS-10X-2S-WT.SC_RNA_COUNTER_CS.SC_MULTI_CORE.COUNT_ANALYZER.SC_RNA_ANALYZER.MERGE_CLUSTERS.fork0.chnk0.main
2021-05-26 14:23:28 [runtime] (chunks_complete) ID.MN-DS-10X-2S-WT.SC_RNA_COUNTER_CS.SC_MULTI_CORE.COUNT_ANALYZER.SC_RNA_ANALYZER.MERGE_CLUSTERS
2021-05-26 14:23:29 [runtime] (run:local)       ID.MN-DS-10X-2S-WT.SC_RNA_COUNTER_CS.SC_MULTI_CORE.COUNT_ANALYZER.SC_RNA_ANALYZER.MERGE_CLUSTERS.fork0.join
2021-05-26 14:23:39 [runtime] (chunks_complete) ID.MN-DS-10X-2S-WT.SC_RNA_COUNTER_CS.SC_MULTI_CORE.COUNT_ANALYZER.SC_RNA_ANALYZER.RUN_UMAP
2021-05-26 14:23:39 [runtime] (run:local)       ID.MN-DS-10X-2S-WT.SC_RNA_COUNTER_CS.SC_MULTI_CORE.COUNT_ANALYZER.SC_RNA_ANALYZER.RUN_UMAP.fork0.join
2021-05-26 14:24:09 [runtime] (chunks_complete) ID.MN-DS-10X-2S-WT.SC_RNA_COUNTER_CS.SC_MULTI_CORE.COUNT_ANALYZER.SC_RNA_ANALYZER.RUN_TSNE
2021-05-26 14:24:09 [runtime] (run:local)       ID.MN-DS-10X-2S-WT.SC_RNA_COUNTER_CS.SC_MULTI_CORE.COUNT_ANALYZER.SC_RNA_ANALYZER.RUN_TSNE.fork0.join
2021-05-26 14:24:09 [runtime] (join_complete)   ID.MN-DS-10X-2S-WT.SC_RNA_COUNTER_CS.SC_MULTI_CORE.COUNT_ANALYZER.SC_RNA_ANALYZER.MERGE_CLUSTERS
2021-05-26 14:24:09 [runtime] (join_complete)   ID.MN-DS-10X-2S-WT.SC_RNA_COUNTER_CS.SC_MULTI_CORE.COUNT_ANALYZER.SC_RNA_ANALYZER.RUN_UMAP
2021-05-26 14:24:09 [runtime] (chunks_complete) ID.MN-DS-10X-2S-WT.SC_RNA_COUNTER_CS.SC_MULTI_CORE.MULTI_GEM_WELL_PROCESSOR.COUNT_GEM_WELL_PROCESSOR._BASIC_SC_RNA_COUNTER._CELLS_REPORTER.SUBSAMPLE_READS
2021-05-26 14:24:09 [runtime] (run:local)       ID.MN-DS-10X-2S-WT.SC_RNA_COUNTER_CS.SC_MULTI_CORE.MULTI_GEM_WELL_PROCESSOR.COUNT_GEM_WELL_PROCESSOR._BASIC_SC_RNA_COUNTER._CELLS_REPORTER.SUBSAMPLE_READS.fork0.join
2021-05-26 14:24:09 [runtime] (ready)           ID.MN-DS-10X-2S-WT.SC_RNA_COUNTER_CS.SC_MULTI_CORE.COUNT_ANALYZER.SC_RNA_ANALYZER.COMBINE_CLUSTERING
2021-05-26 14:24:09 [runtime] (run:local)       ID.MN-DS-10X-2S-WT.SC_RNA_COUNTER_CS.SC_MULTI_CORE.COUNT_ANALYZER.SC_RNA_ANALYZER.COMBINE_CLUSTERING.fork0.chnk0.main
2021-05-26 14:24:13 [runtime] (join_complete)   ID.MN-DS-10X-2S-WT.SC_RNA_COUNTER_CS.SC_MULTI_CORE.COUNT_ANALYZER.SC_RNA_ANALYZER.RUN_TSNE
2021-05-26 14:24:13 [runtime] (chunks_complete) ID.MN-DS-10X-2S-WT.SC_RNA_COUNTER_CS.SC_MULTI_CORE.COUNT_ANALYZER.SC_RNA_ANALYZER.COMBINE_CLUSTERING
2021-05-26 14:24:13 [runtime] (ready)           ID.MN-DS-10X-2S-WT.SC_RNA_COUNTER_CS.SC_MULTI_CORE.COUNT_ANALYZER.SC_RNA_ANALYZER.RUN_DIFFERENTIAL_EXPRESSION
2021-05-26 14:24:13 [runtime] (run:local)       ID.MN-DS-10X-2S-WT.SC_RNA_COUNTER_CS.SC_MULTI_CORE.COUNT_ANALYZER.SC_RNA_ANALYZER.RUN_DIFFERENTIAL_EXPRESSION.fork0.split
2021-05-26 14:24:13 [runtime] (join_complete)   ID.MN-DS-10X-2S-WT.SC_RNA_COUNTER_CS.SC_MULTI_CORE.MULTI_GEM_WELL_PROCESSOR.COUNT_GEM_WELL_PROCESSOR._BASIC_SC_RNA_COUNTER._CELLS_REPORTER.SUBSAMPLE_READS
2021-05-26 14:24:13 [runtime] (ready)           ID.MN-DS-10X-2S-WT.SC_RNA_COUNTER_CS.SC_MULTI_CORE.MULTI_GEM_WELL_PROCESSOR.COUNT_GEM_WELL_PROCESSOR._BASIC_SC_RNA_COUNTER._CELLS_REPORTER.SUMMARIZE_BASIC_REPORTS
2021-05-26 14:24:13 [runtime] (run:local)       ID.MN-DS-10X-2S-WT.SC_RNA_COUNTER_CS.SC_MULTI_CORE.MULTI_GEM_WELL_PROCESSOR.COUNT_GEM_WELL_PROCESSOR._BASIC_SC_RNA_COUNTER._CELLS_REPORTER.SUMMARIZE_BASIC_REPORTS.fork0.split
2021-05-26 14:24:14 [runtime] (split_complete)  ID.MN-DS-10X-2S-WT.SC_RNA_COUNTER_CS.SC_MULTI_CORE.COUNT_ANALYZER.SC_RNA_ANALYZER.RUN_DIFFERENTIAL_EXPRESSION
2021-05-26 14:24:21 [runtime] (run:local)       ID.MN-DS-10X-2S-WT.SC_RNA_COUNTER_CS.SC_MULTI_CORE.COUNT_ANALYZER.SC_RNA_ANALYZER.RUN_DIFFERENTIAL_EXPRESSION.fork0.chnk00.main
2021-05-26 14:24:21 [runtime] (run:local)       ID.MN-DS-10X-2S-WT.SC_RNA_COUNTER_CS.SC_MULTI_CORE.COUNT_ANALYZER.SC_RNA_ANALYZER.RUN_DIFFERENTIAL_EXPRESSION.fork0.chnk01.main
2021-05-26 14:24:25 [runtime] (run:local)       ID.MN-DS-10X-2S-WT.SC_RNA_COUNTER_CS.SC_MULTI_CORE.COUNT_ANALYZER.SC_RNA_ANALYZER.RUN_DIFFERENTIAL_EXPRESSION.fork0.chnk02.main
2021-05-26 14:24:26 [runtime] (run:local)       ID.MN-DS-10X-2S-WT.SC_RNA_COUNTER_CS.SC_MULTI_CORE.COUNT_ANALYZER.SC_RNA_ANALYZER.RUN_DIFFERENTIAL_EXPRESSION.fork0.chnk03.main
2021-05-26 14:24:27 [runtime] (run:local)       ID.MN-DS-10X-2S-WT.SC_RNA_COUNTER_CS.SC_MULTI_CORE.COUNT_ANALYZER.SC_RNA_ANALYZER.RUN_DIFFERENTIAL_EXPRESSION.fork0.chnk04.main
2021-05-26 14:24:27 [runtime] (run:local)       ID.MN-DS-10X-2S-WT.SC_RNA_COUNTER_CS.SC_MULTI_CORE.COUNT_ANALYZER.SC_RNA_ANALYZER.RUN_DIFFERENTIAL_EXPRESSION.fork0.chnk05.main
2021-05-26 14:24:27 [runtime] (run:local)       ID.MN-DS-10X-2S-WT.SC_RNA_COUNTER_CS.SC_MULTI_CORE.COUNT_ANALYZER.SC_RNA_ANALYZER.RUN_DIFFERENTIAL_EXPRESSION.fork0.chnk06.main
2021-05-26 14:24:29 [runtime] (run:local)       ID.MN-DS-10X-2S-WT.SC_RNA_COUNTER_CS.SC_MULTI_CORE.COUNT_ANALYZER.SC_RNA_ANALYZER.RUN_DIFFERENTIAL_EXPRESSION.fork0.chnk07.main
2021-05-26 14:24:31 [runtime] (run:local)       ID.MN-DS-10X-2S-WT.SC_RNA_COUNTER_CS.SC_MULTI_CORE.COUNT_ANALYZER.SC_RNA_ANALYZER.RUN_DIFFERENTIAL_EXPRESSION.fork0.chnk08.main
2021-05-26 14:24:36 [runtime] (run:local)       ID.MN-DS-10X-2S-WT.SC_RNA_COUNTER_CS.SC_MULTI_CORE.COUNT_ANALYZER.SC_RNA_ANALYZER.RUN_DIFFERENTIAL_EXPRESSION.fork0.chnk09.main
2021-05-26 14:24:36 [runtime] (split_complete)  ID.MN-DS-10X-2S-WT.SC_RNA_COUNTER_CS.SC_MULTI_CORE.MULTI_GEM_WELL_PROCESSOR.COUNT_GEM_WELL_PROCESSOR._BASIC_SC_RNA_COUNTER._CELLS_REPORTER.SUMMARIZE_BASIC_REPORTS
2021-05-26 14:24:36 [runtime] (run:local)       ID.MN-DS-10X-2S-WT.SC_RNA_COUNTER_CS.SC_MULTI_CORE.MULTI_GEM_WELL_PROCESSOR.COUNT_GEM_WELL_PROCESSOR._BASIC_SC_RNA_COUNTER._CELLS_REPORTER.SUMMARIZE_BASIC_REPORTS.fork0.join
2021-05-26 14:25:56 [runtime] (join_complete)   ID.MN-DS-10X-2S-WT.SC_RNA_COUNTER_CS.SC_MULTI_CORE.MULTI_GEM_WELL_PROCESSOR.COUNT_GEM_WELL_PROCESSOR._BASIC_SC_RNA_COUNTER._CELLS_REPORTER.SUMMARIZE_BASIC_REPORTS
2021-05-26 14:25:56 [runtime] (ready)           ID.MN-DS-10X-2S-WT.SC_RNA_COUNTER_CS.SC_MULTI_CORE.MULTI_GEM_WELL_PROCESSOR.COUNT_GEM_WELL_PROCESSOR._BASIC_SC_RNA_COUNTER.MERGE_METRICS
2021-05-26 14:25:57 [runtime] (run:local)       ID.MN-DS-10X-2S-WT.SC_RNA_COUNTER_CS.SC_MULTI_CORE.MULTI_GEM_WELL_PROCESSOR.COUNT_GEM_WELL_PROCESSOR._BASIC_SC_RNA_COUNTER.MERGE_METRICS.fork0.chnk0.main
2021-05-26 14:25:57 [runtime] (chunks_complete) ID.MN-DS-10X-2S-WT.SC_RNA_COUNTER_CS.SC_MULTI_CORE.MULTI_GEM_WELL_PROCESSOR.COUNT_GEM_WELL_PROCESSOR._BASIC_SC_RNA_COUNTER.MERGE_METRICS
2021-05-26 14:26:00 [runtime] (ready)           ID.MN-DS-10X-2S-WT.SC_RNA_COUNTER_CS.SC_MULTI_CORE.COUNT_ANALYZER._CRISPR_ANALYZER.CALL_PROTOSPACERS
2021-05-26 14:26:00 [runtime] (ready)           ID.MN-DS-10X-2S-WT.SC_RNA_COUNTER_CS.SC_MULTI_CORE.COUNT_ANALYZER._TARGETED_ANALYZER.CALCULATE_TARGETED_METRICS
2021-05-26 14:26:02 [runtime] (ready)           ID.MN-DS-10X-2S-WT.SC_RNA_COUNTER_CS.SC_MULTI_CORE.COUNT_ANALYZER._TARGETED_ANALYZER.SUMMARIZE_TARGETED_ANALYSIS
2021-05-26 14:26:02 [runtime] (ready)           ID.MN-DS-10X-2S-WT.SC_RNA_COUNTER_CS.SC_MULTI_CORE.COUNT_ANALYZER._CRISPR_ANALYZER._PERTURBATIONS_BY_FEATURE
2021-05-26 14:26:03 [runtime] (ready)           ID.MN-DS-10X-2S-WT.SC_RNA_COUNTER_CS.SC_MULTI_CORE.COUNT_ANALYZER._CRISPR_ANALYZER._PERTURBATIONS_BY_TARGET
2021-05-26 14:26:04 [runtime] (ready)           ID.MN-DS-10X-2S-WT.SC_RNA_COUNTER_CS.SC_MULTI_CORE.COUNT_ANALYZER._CRISPR_ANALYZER.SUMMARIZE_CRISPR_ANALYSIS
2021-05-26 14:26:39 [runtime] (chunks_complete) ID.MN-DS-10X-2S-WT.SC_RNA_COUNTER_CS.SC_MULTI_CORE.COUNT_ANALYZER.SC_RNA_ANALYZER.RUN_DIFFERENTIAL_EXPRESSION
2021-05-26 14:26:41 [runtime] (run:local)       ID.MN-DS-10X-2S-WT.SC_RNA_COUNTER_CS.SC_MULTI_CORE.COUNT_ANALYZER.SC_RNA_ANALYZER.RUN_DIFFERENTIAL_EXPRESSION.fork0.join
2021-05-26 14:26:47 [runtime] (join_complete)   ID.MN-DS-10X-2S-WT.SC_RNA_COUNTER_CS.SC_MULTI_CORE.COUNT_ANALYZER.SC_RNA_ANALYZER.RUN_DIFFERENTIAL_EXPRESSION
2021-05-26 14:26:48 [runtime] (ready)           ID.MN-DS-10X-2S-WT.SC_RNA_COUNTER_CS.SC_MULTI_CORE.COUNT_ANALYZER.SC_RNA_ANALYZER.SUMMARIZE_ANALYSIS
2021-05-26 14:26:48 [runtime] (run:local)       ID.MN-DS-10X-2S-WT.SC_RNA_COUNTER_CS.SC_MULTI_CORE.COUNT_ANALYZER.SC_RNA_ANALYZER.SUMMARIZE_ANALYSIS.fork0.split
2021-05-26 14:26:48 [runtime] (split_complete)  ID.MN-DS-10X-2S-WT.SC_RNA_COUNTER_CS.SC_MULTI_CORE.COUNT_ANALYZER.SC_RNA_ANALYZER.SUMMARIZE_ANALYSIS
2021-05-26 14:26:48 [runtime] (run:local)       ID.MN-DS-10X-2S-WT.SC_RNA_COUNTER_CS.SC_MULTI_CORE.COUNT_ANALYZER.SC_RNA_ANALYZER.SUMMARIZE_ANALYSIS.fork0.chnk0.main
2021-05-26 14:26:53 [runtime] (chunks_complete) ID.MN-DS-10X-2S-WT.SC_RNA_COUNTER_CS.SC_MULTI_CORE.COUNT_ANALYZER.SC_RNA_ANALYZER.SUMMARIZE_ANALYSIS
2021-05-26 14:26:53 [runtime] (run:local)       ID.MN-DS-10X-2S-WT.SC_RNA_COUNTER_CS.SC_MULTI_CORE.COUNT_ANALYZER.SC_RNA_ANALYZER.SUMMARIZE_ANALYSIS.fork0.join
2021-05-26 14:26:56 [runtime] (join_complete)   ID.MN-DS-10X-2S-WT.SC_RNA_COUNTER_CS.SC_MULTI_CORE.COUNT_ANALYZER.SC_RNA_ANALYZER.SUMMARIZE_ANALYSIS
2021-05-26 14:26:56 [runtime] (ready)           ID.MN-DS-10X-2S-WT.SC_RNA_COUNTER_CS.SC_MULTI_CORE.MULTI_REPORTER.SUMMARIZE_REPORTS
2021-05-26 14:26:56 [runtime] (run:local)       ID.MN-DS-10X-2S-WT.SC_RNA_COUNTER_CS.SC_MULTI_CORE.MULTI_REPORTER.SUMMARIZE_REPORTS.fork0.chnk0.main
2021-05-26 14:27:15 [runtime] (chunks_complete) ID.MN-DS-10X-2S-WT.SC_RNA_COUNTER_CS.SC_MULTI_CORE.MULTI_REPORTER.SUMMARIZE_REPORTS
2021-05-26 14:27:15 [runtime] (ready)           ID.MN-DS-10X-2S-WT.SC_RNA_COUNTER_CS.SC_MULTI_CORE.MULTI_REPORTER.GENERATE_LIBRARY_PLOTS
2021-05-26 14:27:15 [runtime] (ready)           ID.MN-DS-10X-2S-WT.SC_RNA_COUNTER_CS.SC_MULTI_CORE.MULTI_REPORTER.CLOUPE_PREPROCESS
2021-05-26 14:27:15 [runtime] (run:local)       ID.MN-DS-10X-2S-WT.SC_RNA_COUNTER_CS.SC_MULTI_CORE.MULTI_REPORTER.CLOUPE_PREPROCESS.fork0.split
2021-05-26 14:27:18 [runtime] (split_complete)  ID.MN-DS-10X-2S-WT.SC_RNA_COUNTER_CS.SC_MULTI_CORE.MULTI_REPORTER.CLOUPE_PREPROCESS
2021-05-26 14:27:18 [runtime] (run:local)       ID.MN-DS-10X-2S-WT.SC_RNA_COUNTER_CS.SC_MULTI_CORE.MULTI_REPORTER.CLOUPE_PREPROCESS.fork0.chnk0.main
2021-05-26 14:28:09 [runtime] (chunks_complete) ID.MN-DS-10X-2S-WT.SC_RNA_COUNTER_CS.SC_MULTI_CORE.MULTI_REPORTER.CLOUPE_PREPROCESS
2021-05-26 14:28:09 [runtime] (run:local)       ID.MN-DS-10X-2S-WT.SC_RNA_COUNTER_CS.SC_MULTI_CORE.MULTI_REPORTER.CLOUPE_PREPROCESS.fork0.join
2021-05-26 14:28:10 [runtime] (join_complete)   ID.MN-DS-10X-2S-WT.SC_RNA_COUNTER_CS.SC_MULTI_CORE.MULTI_REPORTER.CLOUPE_PREPROCESS
2021-05-26 14:28:10 [runtime] (ready)           ID.MN-DS-10X-2S-WT.SC_RNA_COUNTER_CS.SC_MULTI_CORE.MULTI_REPORTER.CHOOSE_CLOUPE
2021-05-26 14:28:10 [runtime] (run:local)       ID.MN-DS-10X-2S-WT.SC_RNA_COUNTER_CS.SC_MULTI_CORE.MULTI_REPORTER.CHOOSE_CLOUPE.fork0.chnk0.main
2021-05-26 14:28:10 [runtime] (chunks_complete) ID.MN-DS-10X-2S-WT.SC_RNA_COUNTER_CS.SC_MULTI_CORE.MULTI_REPORTER.CHOOSE_CLOUPE

Outputs:
- Run summary HTML:                         /project2/nobrega/zach/Embryoid-Body-10X-Pilot/data/MN-DS-10X-2S-WT/outs/web_summary.html
- Run summary CSV:                          /project2/nobrega/zach/Embryoid-Body-10X-Pilot/data/MN-DS-10X-2S-WT/outs/metrics_summary.csv
- BAM:                                      /project2/nobrega/zach/Embryoid-Body-10X-Pilot/data/MN-DS-10X-2S-WT/outs/possorted_genome_bam.bam
- BAM index:                                /project2/nobrega/zach/Embryoid-Body-10X-Pilot/data/MN-DS-10X-2S-WT/outs/possorted_genome_bam.bam.bai
- Filtered feature-barcode matrices MEX:    /project2/nobrega/zach/Embryoid-Body-10X-Pilot/data/MN-DS-10X-2S-WT/outs/filtered_feature_bc_matrix
- Filtered feature-barcode matrices HDF5:   /project2/nobrega/zach/Embryoid-Body-10X-Pilot/data/MN-DS-10X-2S-WT/outs/filtered_feature_bc_matrix.h5
- Unfiltered feature-barcode matrices MEX:  /project2/nobrega/zach/Embryoid-Body-10X-Pilot/data/MN-DS-10X-2S-WT/outs/raw_feature_bc_matrix
- Unfiltered feature-barcode matrices HDF5: /project2/nobrega/zach/Embryoid-Body-10X-Pilot/data/MN-DS-10X-2S-WT/outs/raw_feature_bc_matrix.h5
- Secondary analysis output CSV:            /project2/nobrega/zach/Embryoid-Body-10X-Pilot/data/MN-DS-10X-2S-WT/outs/analysis
- Per-molecule read information:            /project2/nobrega/zach/Embryoid-Body-10X-Pilot/data/MN-DS-10X-2S-WT/outs/molecule_info.h5
- CRISPR-specific analysis:                 null
- Loupe Browser file:                       /project2/nobrega/zach/Embryoid-Body-10X-Pilot/data/MN-DS-10X-2S-WT/outs/cloupe.cloupe
- Feature Reference:                        null
- Target Panel File:                        null

Waiting 6 seconds for UI to do final refresh.
Pipestance completed successfully!

2021-05-26 14:28:17 Shutting down.
[Wed May 26 14:28:28 2021]
Finished job 0.
1 of 1 steps (100%) done
